2015-03-19 10:12:01.901 NerdyFM[82522:1038005] DiskCookieStorage changing policy from 2 to 0, cookie file: file:///Users/cameronbates/Library/Developer/CoreSimulator/Devices/DA8D4003-A2FE-484F-99AE-13B5BF0EA8EE/data/Containers/Data/Application/831E79F9-01B1-41D0-98C6-21E8A9DA537B/Library/Cookies/Cookies.binarycookies
2015-03-19 10:12:02.219 NerdyFM[82522:1038005] Apache Cordova native platform version 3.8.0 is starting.
2015-03-19 10:12:02.220 NerdyFM[82522:1038005] Multi-tasking -> Device: YES, App: YES
2015-03-19 10:12:02.261 NerdyFM[82522:1038005] Unlimited access to network resources
2015-03-19 10:12:02.636 NerdyFM[82522:1038005] [CDVTimer][keyboard] 0.096977ms
2015-03-19 10:12:02.650 NerdyFM[82522:1038005] [CDVTimer][file] 14.084995ms
2015-03-19 10:12:02.650 NerdyFM[82522:1038005] [CDVTimer][TotalPluginStartup] 14.570951ms
2015-03-19 10:12:03.118 NerdyFM[82522:1038005] Resetting plugins due to page load.
2015-03-19 10:12:03.800 NerdyFM[82522:1038005] Finished load of: file:///Users/cameronbates/Library/Developer/CoreSimulator/Devices/DA8D4003-A2FE-484F-99AE-13B5BF0EA8EE/data/Containers/Bundle/Application/6A359BC0-B11D-4635-9EB5-8B691E135E61/NerdyFM.app/www/index.html
2015-03-19 10:12:10.738 NerdyFM[82522:1038005] Will use resource 'http://streams4.museter.com:8344/;stream.nsv' from the Internet.
2015-03-19 10:14:12.293 NerdyFM[82808:1041660] DiskCookieStorage changing policy from 2 to 0, cookie file: file:///Users/cameronbates/Library/Developer/CoreSimulator/Devices/DA8D4003-A2FE-484F-99AE-13B5BF0EA8EE/data/Containers/Data/Application/426D1FA7-8A8E-4C93-B4B9-B598F5723196/Library/Cookies/Cookies.binarycookies
2015-03-19 10:14:12.576 NerdyFM[82808:1041660] Apache Cordova native platform version 3.8.0 is starting.
2015-03-19 10:14:12.577 NerdyFM[82808:1041660] Multi-tasking -> Device: YES, App: YES
2015-03-19 10:14:12.587 NerdyFM[82808:1041660] Unlimited access to network resources
2015-03-19 10:14:12.930 NerdyFM[82808:1041660] [CDVTimer][keyboard] 0.095010ms
2015-03-19 10:14:12.938 NerdyFM[82808:1041660] [CDVTimer][file] 7.759988ms
2015-03-19 10:14:12.938 NerdyFM[82808:1041660] [CDVTimer][TotalPluginStartup] 8.253038ms
2015-03-19 10:14:13.158 NerdyFM[82808:1041660] Resetting plugins due to page load.
2015-03-19 10:14:13.453 NerdyFM[82808:1041660] Finished load of: file:///Users/cameronbates/Library/Developer/CoreSimulator/Devices/DA8D4003-A2FE-484F-99AE-13B5BF0EA8EE/data/Containers/Bundle/Application/1C28C483-258A-4454-B7A7-9A5219BC1AE0/NerdyFM.app/www/index.html
2015-03-19 10:14:15.517 NerdyFM[82808:1041660] Will use resource 'http://www.stephaniequinn.com/Music/Commercial%20DEMO%20-%2013.mp3' from the Internet.
2015-03-19 10:14:16.184 NerdyFM[82808:1041660] Playing audio sample 'http://www.stephaniequinn.com/Music/Commercial%20DEMO%20-%2013.mp3'
2015-03-19 10:14:16.192 NerdyFM[82808:1041660] THREAD WARNING: ['Media'] took '675.826904' ms. Plugin should use a background thread.
2015-03-19 10:14:20.176 NerdyFM[82808:1041660] Will use resource 'http://www.stephaniequinn.com/Music/Commercial%20DEMO%20-%2013.mp3' from the Internet.
2015-03-19 10:14:20.185 NerdyFM[82808:1041660] Playing audio sample 'http://www.stephaniequinn.com/Music/Commercial%20DEMO%20-%2013.mp3'
2015-03-19 10:14:20.196 NerdyFM[82808:1041660] THREAD WARNING: ['Media'] took '20.799072' ms. Plugin should use a background thread.
2015-03-19 10:22:04.535 NerdyFM[83113:1046150] DiskCookieStorage changing policy from 2 to 0, cookie file: file:///Users/cameronbates/Library/Developer/CoreSimulator/Devices/DA8D4003-A2FE-484F-99AE-13B5BF0EA8EE/data/Containers/Data/Application/CA7B66FC-0CC3-4D3D-BC9B-6142FB2B2E52/Library/Cookies/Cookies.binarycookies
2015-03-19 10:22:04.763 NerdyFM[83113:1046150] Apache Cordova native platform version 3.8.0 is starting.
2015-03-19 10:22:04.764 NerdyFM[83113:1046150] Multi-tasking -> Device: YES, App: YES
2015-03-19 10:22:04.775 NerdyFM[83113:1046150] Unlimited access to network resources
2015-03-19 10:22:05.182 NerdyFM[83113:1046150] [CDVTimer][keyboard] 0.064015ms
2015-03-19 10:22:05.193 NerdyFM[83113:1046150] [CDVTimer][file] 10.790050ms
2015-03-19 10:22:05.193 NerdyFM[83113:1046150] [CDVTimer][TotalPluginStartup] 11.211991ms
2015-03-19 10:22:05.419 NerdyFM[83113:1046150] Resetting plugins due to page load.
2015-03-19 10:22:05.889 NerdyFM[83113:1046150] Finished load of: file:///Users/cameronbates/Library/Developer/CoreSimulator/Devices/DA8D4003-A2FE-484F-99AE-13B5BF0EA8EE/data/Containers/Bundle/Application/9FA668D0-F249-44A8-B3DB-9E7885FDEF5B/NerdyFM.app/www/index.html
Mar 19 10:22:06 C2QM90JAFTPL rtcreporting[83113] <Info>: logging starts...
Mar 19 10:22:06 C2QM90JAFTPL rtcreporting[83113] <Debug>: setMessageLoggingBlock: called
Mar 19 10:22:39 C2QM90JAFTPL rtcreporting[83113] <Debug>: initWithSessionInfo: XPC connection interrupted
2015-03-19 10:30:04.844 NerdyFM[83643:1053202] DiskCookieStorage changing policy from 2 to 0, cookie file: file:///Users/cameronbates/Library/Developer/CoreSimulator/Devices/DA8D4003-A2FE-484F-99AE-13B5BF0EA8EE/data/Containers/Data/Application/5E30EAD2-A4B1-4C5D-95E7-4EC6CD71C505/Library/Cookies/Cookies.binarycookies
2015-03-19 10:30:05.089 NerdyFM[83643:1053202] Apache Cordova native platform version 3.8.0 is starting.
2015-03-19 10:30:05.090 NerdyFM[83643:1053202] Multi-tasking -> Device: YES, App: YES
2015-03-19 10:30:05.101 NerdyFM[83643:1053202] Unlimited access to network resources
2015-03-19 10:30:05.435 NerdyFM[83643:1053202] [CDVTimer][keyboard] 0.086010ms
2015-03-19 10:30:05.443 NerdyFM[83643:1053202] [CDVTimer][file] 7.782996ms
2015-03-19 10:30:05.444 NerdyFM[83643:1053202] [CDVTimer][TotalPluginStartup] 8.273005ms
2015-03-19 10:30:05.621 NerdyFM[83643:1053202] Resetting plugins due to page load.
2015-03-19 10:30:05.961 NerdyFM[83643:1053202] Finished load of: file:///Users/cameronbates/Library/Developer/CoreSimulator/Devices/DA8D4003-A2FE-484F-99AE-13B5BF0EA8EE/data/Containers/Bundle/Application/6D28025C-14EF-453E-92DE-BE6E73627534/NerdyFM.app/www/index.html
Mar 19 10:30:06 C2QM90JAFTPL rtcreporting[83643] <Info>: logging starts...
Mar 19 10:30:06 C2QM90JAFTPL rtcreporting[83643] <Debug>: setMessageLoggingBlock: called
2015-03-19 11:19:17.847 NerdyFM[84616:1078995] DiskCookieStorage changing policy from 2 to 0, cookie file: file:///Users/cameronbates/Library/Developer/CoreSimulator/Devices/DA8D4003-A2FE-484F-99AE-13B5BF0EA8EE/data/Containers/Data/Application/FCC602D4-45DB-473B-A412-4F363132A54B/Library/Cookies/Cookies.binarycookies
2015-03-19 11:19:18.118 NerdyFM[84616:1078995] Apache Cordova native platform version 3.8.0 is starting.
2015-03-19 11:19:18.119 NerdyFM[84616:1078995] Multi-tasking -> Device: YES, App: YES
2015-03-19 11:19:18.134 NerdyFM[84616:1078995] Unlimited access to network resources
2015-03-19 11:19:18.488 NerdyFM[84616:1078995] [CDVTimer][keyboard] 0.407994ms
2015-03-19 11:19:18.499 NerdyFM[84616:1078995] [CDVTimer][file] 10.707974ms
2015-03-19 11:19:18.499 NerdyFM[84616:1078995] [CDVTimer][TotalPluginStartup] 11.937976ms
2015-03-19 11:19:18.727 NerdyFM[84616:1078995] Resetting plugins due to page load.
2015-03-19 11:19:19.303 NerdyFM[84616:1078995] Finished load of: file:///Users/cameronbates/Library/Developer/CoreSimulator/Devices/DA8D4003-A2FE-484F-99AE-13B5BF0EA8EE/data/Containers/Bundle/Application/31984734-8F07-4A2F-AD27-671C5F5C9CEC/NerdyFM.app/www/index.html
Mar 19 11:19:19 C2QM90JAFTPL rtcreporting[84616] <Info>: logging starts...
Mar 19 11:19:19 C2QM90JAFTPL rtcreporting[84616] <Debug>: setMessageLoggingBlock: called
2015-03-19 13:15:30.603 NerdyFM[86734:1136480] DiskCookieStorage changing policy from 2 to 0, cookie file: file:///Users/cameronbates/Library/Developer/CoreSimulator/Devices/DA8D4003-A2FE-484F-99AE-13B5BF0EA8EE/data/Containers/Data/Application/86043DBC-BD61-46EE-AB48-A1E1F172AF2D/Library/Cookies/Cookies.binarycookies
2015-03-19 13:15:30.904 NerdyFM[86734:1136480] Apache Cordova native platform version 3.8.0 is starting.
2015-03-19 13:15:30.904 NerdyFM[86734:1136480] Multi-tasking -> Device: YES, App: YES
2015-03-19 13:15:30.919 NerdyFM[86734:1136480] Unlimited access to network resources
2015-03-19 13:15:31.323 NerdyFM[86734:1136480] [CDVTimer][keyboard] 0.068963ms
2015-03-19 13:15:31.336 NerdyFM[86734:1136480] [CDVTimer][file] 12.796998ms
2015-03-19 13:15:31.456 NerdyFM[86734:1136480] [CDVTimer][statusbar] 120.346010ms
2015-03-19 13:15:31.457 NerdyFM[86734:1136480] [CDVTimer][TotalPluginStartup] 133.786976ms
2015-03-19 13:15:31.620 NerdyFM[86734:1136480] Resetting plugins due to page load.
2015-03-19 13:15:32.003 NerdyFM[86734:1136480] Finished load of: file:///Users/cameronbates/Library/Developer/CoreSimulator/Devices/DA8D4003-A2FE-484F-99AE-13B5BF0EA8EE/data/Containers/Bundle/Application/9D4ABB10-03E5-43A7-A618-0D7F03A78879/NerdyFM.app/www/index.html
Mar 19 13:15:32 C2QM90JAFTPL rtcreporting[86734] <Info>: logging starts...
Mar 19 13:15:32 C2QM90JAFTPL rtcreporting[86734] <Debug>: setMessageLoggingBlock: called
2015-03-19 13:19:51.190 NerdyFM[86932:1139235] DiskCookieStorage changing policy from 2 to 0, cookie file: file:///Users/cameronbates/Library/Developer/CoreSimulator/Devices/DA8D4003-A2FE-484F-99AE-13B5BF0EA8EE/data/Containers/Data/Application/F467246F-047E-477F-93CD-8C4E80DA6D90/Library/Cookies/Cookies.binarycookies
2015-03-19 13:19:51.294 NerdyFM[86932:1139235] Apache Cordova native platform version 3.8.0 is starting.
2015-03-19 13:19:51.295 NerdyFM[86932:1139235] Multi-tasking -> Device: YES, App: YES
2015-03-19 13:19:51.297 NerdyFM[86932:1139235] Unlimited access to network resources
2015-03-19 13:19:51.396 NerdyFM[86932:1139235] [CDVTimer][keyboard] 0.056982ms
2015-03-19 13:19:51.402 NerdyFM[86932:1139235] [CDVTimer][file] 5.448997ms
2015-03-19 13:19:51.435 NerdyFM[86932:1139235] [CDVTimer][statusbar] 33.407986ms
2015-03-19 13:19:51.435 NerdyFM[86932:1139235] [CDVTimer][TotalPluginStartup] 39.447010ms
2015-03-19 13:19:51.518 NerdyFM[86932:1139235] Resetting plugins due to page load.
2015-03-19 13:19:51.795 NerdyFM[86932:1139235] Finished load of: file:///Users/cameronbates/Library/Developer/CoreSimulator/Devices/DA8D4003-A2FE-484F-99AE-13B5BF0EA8EE/data/Containers/Bundle/Application/4536146B-1690-48FA-9836-2C97D976CC9D/NerdyFM.app/www/index.html
Mar 19 13:19:52 C2QM90JAFTPL rtcreporting[86932] <Info>: logging starts...
Mar 19 13:19:52 C2QM90JAFTPL rtcreporting[86932] <Debug>: setMessageLoggingBlock: called
2015-03-19 14:14:49.684 Nerdy.FM[88142:1172399] DiskCookieStorage changing policy from 2 to 0, cookie file: file:///Users/cameronbates/Library/Developer/CoreSimulator/Devices/DA8D4003-A2FE-484F-99AE-13B5BF0EA8EE/data/Containers/Data/Application/4B103D90-ED14-48E1-82AF-988CF858472D/Library/Cookies/Cookies.binarycookies
2015-03-19 14:14:49.982 Nerdy.FM[88142:1172399] Apache Cordova native platform version 3.8.0 is starting.
2015-03-19 14:14:49.982 Nerdy.FM[88142:1172399] Multi-tasking -> Device: YES, App: YES
2015-03-19 14:14:49.996 Nerdy.FM[88142:1172399] Unlimited access to network resources
2015-03-19 14:14:50.365 Nerdy.FM[88142:1172399] [CDVTimer][keyboard] 0.069976ms
2015-03-19 14:14:50.376 Nerdy.FM[88142:1172399] [CDVTimer][file] 11.084020ms
2015-03-19 14:14:50.504 Nerdy.FM[88142:1172399] [CDVTimer][statusbar] 128.156960ms
2015-03-19 14:14:50.504 Nerdy.FM[88142:1172399] [CDVTimer][TotalPluginStartup] 139.837980ms
2015-03-19 14:14:50.630 Nerdy.FM[88142:1172399] Resetting plugins due to page load.
2015-03-19 14:14:51.069 Nerdy.FM[88142:1172399] Finished load of: file:///Users/cameronbates/Library/Developer/CoreSimulator/Devices/DA8D4003-A2FE-484F-99AE-13B5BF0EA8EE/data/Containers/Bundle/Application/30397991-3114-4753-AC40-9EED292E62F2/Nerdy.FM.app/www/index.html
Mar 19 14:14:51 C2QM90JAFTPL rtcreporting[88142] <Info>: logging starts...
Mar 19 14:14:51 C2QM90JAFTPL rtcreporting[88142] <Debug>: setMessageLoggingBlock: called
Mar 19 14:16:02 C2QM90JAFTPL rtcreporting[88142] <Debug>: setMessageLoggingBlock: called
2015-03-19 14:17:29.709 Nerdy.FM[88321:1174233] DiskCookieStorage changing policy from 2 to 0, cookie file: file:///Users/cameronbates/Library/Developer/CoreSimulator/Devices/DA8D4003-A2FE-484F-99AE-13B5BF0EA8EE/data/Containers/Data/Application/9534646D-B772-4D56-8E19-A5DEACE878EB/Library/Cookies/Cookies.binarycookies
2015-03-19 14:17:29.786 Nerdy.FM[88321:1174233] Apache Cordova native platform version 3.8.0 is starting.
2015-03-19 14:17:29.786 Nerdy.FM[88321:1174233] Multi-tasking -> Device: YES, App: YES
2015-03-19 14:17:29.787 Nerdy.FM[88321:1174233] Unlimited access to network resources
2015-03-19 14:17:29.871 Nerdy.FM[88321:1174233] [CDVTimer][keyboard] 0.054955ms
2015-03-19 14:17:29.875 Nerdy.FM[88321:1174233] [CDVTimer][file] 4.602015ms
2015-03-19 14:17:29.911 Nerdy.FM[88321:1174233] [CDVTimer][statusbar] 35.650015ms
2015-03-19 14:17:29.911 Nerdy.FM[88321:1174233] [CDVTimer][TotalPluginStartup] 40.720999ms
2015-03-19 14:17:30.017 Nerdy.FM[88321:1174233] Resetting plugins due to page load.
2015-03-19 14:17:30.366 Nerdy.FM[88321:1174233] Finished load of: file:///Users/cameronbates/Library/Developer/CoreSimulator/Devices/DA8D4003-A2FE-484F-99AE-13B5BF0EA8EE/data/Containers/Bundle/Application/ECB2B577-774D-4BA4-9366-101A64191076/Nerdy.FM.app/www/index.html
Mar 19 14:17:30 C2QM90JAFTPL rtcreporting[88321] <Info>: logging starts...
Mar 19 14:17:30 C2QM90JAFTPL rtcreporting[88321] <Debug>: setMessageLoggingBlock: called
Mar 19 14:21:36 C2QM90JAFTPL rtcreporting[88321] <Debug>: setMessageLoggingBlock: called
Mar 19 14:22:09 C2QM90JAFTPL rtcreporting[88321] <Debug>: setMessageLoggingBlock: called
Mar 19 14:42:27 C2QM90JAFTPL rtcreporting[88321] <Debug>: setMessageLoggingBlock: called
2015-03-19 15:06:30.156 Nerdy.FM[89257:1200158] DiskCookieStorage changing policy from 2 to 0, cookie file: file:///Users/cameronbates/Library/Developer/CoreSimulator/Devices/DA8D4003-A2FE-484F-99AE-13B5BF0EA8EE/data/Containers/Data/Application/EB3069A2-9F2A-4B2B-B06B-F6F5CA980BFF/Library/Cookies/Cookies.binarycookies
2015-03-19 15:06:30.406 Nerdy.FM[89257:1200158] Apache Cordova native platform version 3.8.0 is starting.
2015-03-19 15:06:30.407 Nerdy.FM[89257:1200158] Multi-tasking -> Device: YES, App: YES
2015-03-19 15:06:30.424 Nerdy.FM[89257:1200158] Unlimited access to network resources
2015-03-19 15:06:30.680 Nerdy.FM[89257:1200158] [CDVTimer][keyboard] 0.086010ms
2015-03-19 15:06:30.689 Nerdy.FM[89257:1200158] [CDVTimer][file] 8.910000ms
2015-03-19 15:06:30.785 Nerdy.FM[89257:1200158] [CDVTimer][statusbar] 96.166015ms
2015-03-19 15:06:30.786 Nerdy.FM[89257:1200158] [CDVTimer][TotalPluginStartup] 106.090009ms
2015-03-19 15:06:30.903 Nerdy.FM[89257:1200158] Resetting plugins due to page load.
2015-03-19 15:06:31.392 Nerdy.FM[89257:1200158] Finished load of: file:///Users/cameronbates/Library/Developer/CoreSimulator/Devices/DA8D4003-A2FE-484F-99AE-13B5BF0EA8EE/data/Containers/Bundle/Application/25DE9183-5144-4324-8F42-7491B2BC6F0A/Nerdy.FM.app/www/index.html
Mar 19 15:06:31 C2QM90JAFTPL rtcreporting[89257] <Info>: logging starts...
Mar 19 15:06:31 C2QM90JAFTPL rtcreporting[89257] <Debug>: setMessageLoggingBlock: called
Mar 19 15:06:35 C2QM90JAFTPL rtcreporting[89257] <Debug>: setMessageLoggingBlock: called
2015-03-19 15:07:30.196 Nerdy.FM[89409:1201230] DiskCookieStorage changing policy from 2 to 0, cookie file: file:///Users/cameronbates/Library/Developer/CoreSimulator/Devices/DA8D4003-A2FE-484F-99AE-13B5BF0EA8EE/data/Containers/Data/Application/04C11D5D-0A62-4A21-8BBB-7F2828D6FFA2/Library/Cookies/Cookies.binarycookies
2015-03-19 15:07:30.262 Nerdy.FM[89409:1201230] Apache Cordova native platform version 3.8.0 is starting.
2015-03-19 15:07:30.263 Nerdy.FM[89409:1201230] Multi-tasking -> Device: YES, App: YES
2015-03-19 15:07:30.264 Nerdy.FM[89409:1201230] Unlimited access to network resources
2015-03-19 15:07:30.347 Nerdy.FM[89409:1201230] [CDVTimer][keyboard] 0.051975ms
2015-03-19 15:07:30.351 Nerdy.FM[89409:1201230] [CDVTimer][file] 4.406989ms
2015-03-19 15:07:30.385 Nerdy.FM[89409:1201230] [CDVTimer][statusbar] 33.483028ms
2015-03-19 15:07:30.385 Nerdy.FM[89409:1201230] [CDVTimer][TotalPluginStartup] 38.390040ms
2015-03-19 15:07:30.527 Nerdy.FM[89409:1201230] Resetting plugins due to page load.
2015-03-19 15:07:30.892 Nerdy.FM[89409:1201230] Finished load of: file:///Users/cameronbates/Library/Developer/CoreSimulator/Devices/DA8D4003-A2FE-484F-99AE-13B5BF0EA8EE/data/Containers/Bundle/Application/D01F6F60-8696-4665-BEE3-DE970616C3BC/Nerdy.FM.app/www/index.html
Mar 19 15:07:31 C2QM90JAFTPL rtcreporting[89409] <Info>: logging starts...
Mar 19 15:07:31 C2QM90JAFTPL rtcreporting[89409] <Debug>: setMessageLoggingBlock: called
2015-03-19 15:07:36.317 Nerdy.FM[89409:1201230] THREAD WARNING: ['InAppBrowser'] took '76.813965' ms. Plugin should use a background thread.
2015-03-19 15:09:44.500 Nerdy.FM[89585:1202965] DiskCookieStorage changing policy from 2 to 0, cookie file: file:///Users/cameronbates/Library/Developer/CoreSimulator/Devices/DA8D4003-A2FE-484F-99AE-13B5BF0EA8EE/data/Containers/Data/Application/8FA5264F-77A4-40AD-BBEE-EABF76975EB7/Library/Cookies/Cookies.binarycookies
2015-03-19 15:09:44.571 Nerdy.FM[89585:1202965] Apache Cordova native platform version 3.8.0 is starting.
2015-03-19 15:09:44.571 Nerdy.FM[89585:1202965] Multi-tasking -> Device: YES, App: YES
2015-03-19 15:09:44.573 Nerdy.FM[89585:1202965] Unlimited access to network resources
2015-03-19 15:09:44.646 Nerdy.FM[89585:1202965] [CDVTimer][keyboard] 0.047982ms
2015-03-19 15:09:44.652 Nerdy.FM[89585:1202965] [CDVTimer][file] 5.415976ms
2015-03-19 15:09:44.685 Nerdy.FM[89585:1202965] [CDVTimer][statusbar] 33.190966ms
2015-03-19 15:09:44.685 Nerdy.FM[89585:1202965] [CDVTimer][TotalPluginStartup] 39.093018ms
2015-03-19 15:09:44.751 Nerdy.FM[89585:1202965] Resetting plugins due to page load.
2015-03-19 15:09:45.015 Nerdy.FM[89585:1202965] Finished load of: file:///Users/cameronbates/Library/Developer/CoreSimulator/Devices/DA8D4003-A2FE-484F-99AE-13B5BF0EA8EE/data/Containers/Bundle/Application/04524674-47E2-4512-A4EC-8514C7250759/Nerdy.FM.app/www/index.html
Mar 19 15:09:45 C2QM90JAFTPL rtcreporting[89585] <Info>: logging starts...
Mar 19 15:09:45 C2QM90JAFTPL rtcreporting[89585] <Debug>: setMessageLoggingBlock: called
Mar 19 15:09:49 C2QM90JAFTPL rtcreporting[89585] <Debug>: setMessageLoggingBlock: called
2015-03-19 15:45:32.341 Nerdy.FM[90596:1223492] DiskCookieStorage changing policy from 2 to 0, cookie file: file:///Users/cameronbates/Library/Developer/CoreSimulator/Devices/DA8D4003-A2FE-484F-99AE-13B5BF0EA8EE/data/Containers/Data/Application/F813D8B2-3640-475B-91E5-34A19B170434/Library/Cookies/Cookies.binarycookies
2015-03-19 15:45:32.684 Nerdy.FM[90596:1223492] Apache Cordova native platform version 3.8.0 is starting.
2015-03-19 15:45:32.684 Nerdy.FM[90596:1223492] Multi-tasking -> Device: YES, App: YES
2015-03-19 15:45:32.710 Nerdy.FM[90596:1223492] Unlimited access to network resources
2015-03-19 15:45:33.062 Nerdy.FM[90596:1223492] [CDVTimer][keyboard] 0.065982ms
2015-03-19 15:45:33.070 Nerdy.FM[90596:1223492] [CDVTimer][file] 8.159995ms
2015-03-19 15:45:33.203 Nerdy.FM[90596:1223492] [CDVTimer][statusbar] 132.839978ms
2015-03-19 15:45:33.203 Nerdy.FM[90596:1223492] [CDVTimer][TotalPluginStartup] 141.921997ms
2015-03-19 15:45:33.702 Nerdy.FM[90596:1223492] Resetting plugins due to page load.
2015-03-19 15:45:34.366 Nerdy.FM[90596:1223492] Finished load of: file:///Users/cameronbates/Library/Developer/CoreSimulator/Devices/DA8D4003-A2FE-484F-99AE-13B5BF0EA8EE/data/Containers/Bundle/Application/6D7A33D1-BA2A-438D-827C-C2C46B14DE46/Nerdy.FM.app/www/index.html
Mar 19 15:45:34 C2QM90JAFTPL rtcreporting[90596] <Info>: logging starts...
Mar 19 15:45:34 C2QM90JAFTPL rtcreporting[90596] <Debug>: setMessageLoggingBlock: called
2015-03-19 15:48:12.577 Nerdy.FM[90596:1226126] Communications error: <OS_xpc_error: <error: 0x2d805f4> { count = 1, contents =
	"XPCErrorDescription" => <string: 0x2d8083c> { length = 22, contents = "Connection interrupted" }
}>
Mar 19 16:01:11 C2QM90JAFTPL rtcreporting[90596] <Debug>: setMessageLoggingBlock: called
Mar 19 16:06:16 C2QM90JAFTPL rtcreporting[90596] <Debug>: setMessageLoggingBlock: called
2015-03-19 18:13:59.181 Nerdy.FM[94876:1278183] DiskCookieStorage changing policy from 2 to 0, cookie file: file:///Users/cameronbates/Library/Developer/CoreSimulator/Devices/DA8D4003-A2FE-484F-99AE-13B5BF0EA8EE/data/Containers/Data/Application/0496180A-9112-4D7D-96E5-2111AB5D75D9/Library/Cookies/Cookies.binarycookies
2015-03-19 18:13:59.444 Nerdy.FM[94876:1278183] Apache Cordova native platform version 3.8.0 is starting.
2015-03-19 18:13:59.445 Nerdy.FM[94876:1278183] Multi-tasking -> Device: YES, App: YES
2015-03-19 18:13:59.467 Nerdy.FM[94876:1278183] Unlimited access to network resources
2015-03-19 18:13:59.831 Nerdy.FM[94876:1278183] [CDVTimer][keyboard] 0.061989ms
2015-03-19 18:13:59.840 Nerdy.FM[94876:1278183] [CDVTimer][file] 8.870959ms
2015-03-19 18:13:59.964 Nerdy.FM[94876:1278183] [CDVTimer][statusbar] 124.607980ms
2015-03-19 18:13:59.965 Nerdy.FM[94876:1278183] [CDVTimer][TotalPluginStartup] 135.137022ms
2015-03-19 18:14:00.101 Nerdy.FM[94876:1278183] Resetting plugins due to page load.
2015-03-19 18:14:00.542 Nerdy.FM[94876:1278183] Finished load of: file:///Users/cameronbates/Library/Developer/CoreSimulator/Devices/DA8D4003-A2FE-484F-99AE-13B5BF0EA8EE/data/Containers/Bundle/Application/BC82D986-80A7-4514-9F36-F2611527B3E0/Nerdy.FM.app/www/index.html
Mar 19 18:14:00 C2QM90JAFTPL rtcreporting[94876] <Info>: logging starts...
Mar 19 18:14:00 C2QM90JAFTPL rtcreporting[94876] <Debug>: setMessageLoggingBlock: called
Mar 19 18:14:05 C2QM90JAFTPL rtcreporting[94876] <Debug>: setMessageLoggingBlock: called
2015-03-19 18:29:52.663 Nerdy.FM[95281:1286801] DiskCookieStorage changing policy from 2 to 0, cookie file: file:///Users/cameronbates/Library/Developer/CoreSimulator/Devices/DA8D4003-A2FE-484F-99AE-13B5BF0EA8EE/data/Containers/Data/Application/BB161D21-3168-40D6-9F73-214C34F76A43/Library/Cookies/Cookies.binarycookies
2015-03-19 18:29:52.955 Nerdy.FM[95281:1286801] Apache Cordova native platform version 3.8.0 is starting.
2015-03-19 18:29:52.956 Nerdy.FM[95281:1286801] Multi-tasking -> Device: YES, App: YES
2015-03-19 18:29:52.987 Nerdy.FM[95281:1286801] Unlimited access to network resources
2015-03-19 18:29:53.339 Nerdy.FM[95281:1286801] [CDVTimer][keyboard] 0.079989ms
2015-03-19 18:29:53.348 Nerdy.FM[95281:1286801] [CDVTimer][file] 8.002996ms
2015-03-19 18:29:53.457 Nerdy.FM[95281:1286801] [CDVTimer][statusbar] 109.414995ms
2015-03-19 18:29:53.457 Nerdy.FM[95281:1286801] [CDVTimer][TotalPluginStartup] 118.540049ms
2015-03-19 18:29:53.561 Nerdy.FM[95281:1286801] Resetting plugins due to page load.
2015-03-19 18:29:54.103 Nerdy.FM[95281:1286801] Finished load of: file:///Users/cameronbates/Library/Developer/CoreSimulator/Devices/DA8D4003-A2FE-484F-99AE-13B5BF0EA8EE/data/Containers/Bundle/Application/A88EBC45-BA77-4E63-9407-67C6FB89E8CF/Nerdy.FM.app/www/index.html
Mar 19 18:29:54 C2QM90JAFTPL rtcreporting[95281] <Info>: logging starts...
Mar 19 18:29:54 C2QM90JAFTPL rtcreporting[95281] <Debug>: setMessageLoggingBlock: called
2015-03-19 18:32:00.991 Nerdy.FM[95469:1288395] DiskCookieStorage changing policy from 2 to 0, cookie file: file:///Users/cameronbates/Library/Developer/CoreSimulator/Devices/DA8D4003-A2FE-484F-99AE-13B5BF0EA8EE/data/Containers/Data/Application/FBDD98D4-0DC3-479C-AA1F-898D1E959BC1/Library/Cookies/Cookies.binarycookies
2015-03-19 18:32:01.073 Nerdy.FM[95469:1288395] Apache Cordova native platform version 3.8.0 is starting.
2015-03-19 18:32:01.073 Nerdy.FM[95469:1288395] Multi-tasking -> Device: YES, App: YES
2015-03-19 18:32:01.075 Nerdy.FM[95469:1288395] Unlimited access to network resources
2015-03-19 18:32:01.196 Nerdy.FM[95469:1288395] [CDVTimer][keyboard] 0.100017ms
2015-03-19 18:32:01.201 Nerdy.FM[95469:1288395] [CDVTimer][file] 4.724026ms
2015-03-19 18:32:01.234 Nerdy.FM[95469:1288395] [CDVTimer][statusbar] 33.316970ms
2015-03-19 18:32:01.235 Nerdy.FM[95469:1288395] [CDVTimer][TotalPluginStartup] 38.577974ms
2015-03-19 18:32:01.367 Nerdy.FM[95469:1288395] Resetting plugins due to page load.
2015-03-19 18:32:01.686 Nerdy.FM[95469:1288395] Finished load of: file:///Users/cameronbates/Library/Developer/CoreSimulator/Devices/DA8D4003-A2FE-484F-99AE-13B5BF0EA8EE/data/Containers/Bundle/Application/3319A3E2-3D74-4146-B6D9-5AF119CCA681/Nerdy.FM.app/www/index.html
Mar 19 18:32:02 C2QM90JAFTPL rtcreporting[95469] <Info>: logging starts...
Mar 19 18:32:02 C2QM90JAFTPL rtcreporting[95469] <Debug>: setMessageLoggingBlock: called
2015-03-19 18:32:56.446 Nerdy.FM[95622:1289463] DiskCookieStorage changing policy from 2 to 0, cookie file: file:///Users/cameronbates/Library/Developer/CoreSimulator/Devices/DA8D4003-A2FE-484F-99AE-13B5BF0EA8EE/data/Containers/Data/Application/04304380-273A-49D7-B41D-4AC3BE6EBB48/Library/Cookies/Cookies.binarycookies
2015-03-19 18:32:56.534 Nerdy.FM[95622:1289463] Apache Cordova native platform version 3.8.0 is starting.
2015-03-19 18:32:56.535 Nerdy.FM[95622:1289463] Multi-tasking -> Device: YES, App: YES
2015-03-19 18:32:56.537 Nerdy.FM[95622:1289463] Unlimited access to network resources
2015-03-19 18:32:56.631 Nerdy.FM[95622:1289463] [CDVTimer][keyboard] 0.055015ms
2015-03-19 18:32:56.637 Nerdy.FM[95622:1289463] [CDVTimer][file] 5.572021ms
2015-03-19 18:32:56.668 Nerdy.FM[95622:1289463] [CDVTimer][statusbar] 30.793011ms
2015-03-19 18:32:56.668 Nerdy.FM[95622:1289463] [CDVTimer][TotalPluginStartup] 36.804020ms
2015-03-19 18:32:57.005 Nerdy.FM[95622:1289463] Resetting plugins due to page load.
2015-03-19 18:32:57.682 Nerdy.FM[95622:1289463] Finished load of: file:///Users/cameronbates/Library/Developer/CoreSimulator/Devices/DA8D4003-A2FE-484F-99AE-13B5BF0EA8EE/data/Containers/Bundle/Application/81C4E221-5765-4F6F-B006-D9BD8FA1C005/Nerdy.FM.app/www/index.html
Mar 19 18:32:57 C2QM90JAFTPL rtcreporting[95622] <Info>: logging starts...
Mar 19 18:32:57 C2QM90JAFTPL rtcreporting[95622] <Debug>: setMessageLoggingBlock: called
2015-03-19 18:35:20.323 Nerdy.FM[95799:1291120] DiskCookieStorage changing policy from 2 to 0, cookie file: file:///Users/cameronbates/Library/Developer/CoreSimulator/Devices/DA8D4003-A2FE-484F-99AE-13B5BF0EA8EE/data/Containers/Data/Application/CE7EC567-4ACE-433C-AC1A-198A58CBF181/Library/Cookies/Cookies.binarycookies
2015-03-19 18:35:20.410 Nerdy.FM[95799:1291120] Apache Cordova native platform version 3.8.0 is starting.
2015-03-19 18:35:20.410 Nerdy.FM[95799:1291120] Multi-tasking -> Device: YES, App: YES
2015-03-19 18:35:20.412 Nerdy.FM[95799:1291120] Unlimited access to network resources
2015-03-19 18:35:20.497 Nerdy.FM[95799:1291120] [CDVTimer][keyboard] 0.053048ms
2015-03-19 18:35:20.503 Nerdy.FM[95799:1291120] [CDVTimer][file] 5.917966ms
2015-03-19 18:35:20.535 Nerdy.FM[95799:1291120] [CDVTimer][statusbar] 31.735003ms
2015-03-19 18:35:20.535 Nerdy.FM[95799:1291120] [CDVTimer][TotalPluginStartup] 38.128972ms
2015-03-19 18:35:20.659 Nerdy.FM[95799:1291120] Resetting plugins due to page load.
2015-03-19 18:35:21.287 Nerdy.FM[95799:1291120] Finished load of: file:///Users/cameronbates/Library/Developer/CoreSimulator/Devices/DA8D4003-A2FE-484F-99AE-13B5BF0EA8EE/data/Containers/Bundle/Application/E7CC0079-5D8E-4642-A22D-7C827D6D9E5A/Nerdy.FM.app/www/index.html
Mar 19 18:35:21 C2QM90JAFTPL rtcreporting[95799] <Info>: logging starts...
Mar 19 18:35:21 C2QM90JAFTPL rtcreporting[95799] <Debug>: setMessageLoggingBlock: called
2015-03-19 18:38:12.634 Nerdy.FM[95982:1292935] DiskCookieStorage changing policy from 2 to 0, cookie file: file:///Users/cameronbates/Library/Developer/CoreSimulator/Devices/DA8D4003-A2FE-484F-99AE-13B5BF0EA8EE/data/Containers/Data/Application/342A877F-C9B8-4519-879F-2136AF32ED4F/Library/Cookies/Cookies.binarycookies
2015-03-19 18:38:12.703 Nerdy.FM[95982:1292935] Apache Cordova native platform version 3.8.0 is starting.
2015-03-19 18:38:12.703 Nerdy.FM[95982:1292935] Multi-tasking -> Device: YES, App: YES
2015-03-19 18:38:12.705 Nerdy.FM[95982:1292935] Unlimited access to network resources
2015-03-19 18:38:12.786 Nerdy.FM[95982:1292935] [CDVTimer][keyboard] 0.052035ms
2015-03-19 18:38:12.790 Nerdy.FM[95982:1292935] [CDVTimer][file] 4.634976ms
2015-03-19 18:38:12.823 Nerdy.FM[95982:1292935] [CDVTimer][statusbar] 32.474995ms
2015-03-19 18:38:12.823 Nerdy.FM[95982:1292935] [CDVTimer][TotalPluginStartup] 37.583053ms
2015-03-19 18:38:12.965 Nerdy.FM[95982:1292935] Resetting plugins due to page load.
2015-03-19 18:38:13.609 Nerdy.FM[95982:1292935] Finished load of: file:///Users/cameronbates/Library/Developer/CoreSimulator/Devices/DA8D4003-A2FE-484F-99AE-13B5BF0EA8EE/data/Containers/Bundle/Application/9044D79F-FFF6-4BAF-8C45-305706F496C4/Nerdy.FM.app/www/index.html
Mar 19 18:38:13 C2QM90JAFTPL rtcreporting[95982] <Info>: logging starts...
Mar 19 18:38:13 C2QM90JAFTPL rtcreporting[95982] <Debug>: setMessageLoggingBlock: called
2015-03-19 19:13:44.122 Nerdy.FM[95982:1303671] Communications error: <OS_xpc_error: <error: 0x2df95f4> { count = 1, contents =
	"XPCErrorDescription" => <string: 0x2df983c> { length = 22, contents = "Connection interrupted" }
}>
Mar 19 19:16:41 C2QM90JAFTPL rtcreporting[95982] <Debug>: setMessageLoggingBlock: called
2015-03-19 19:23:28.489 Nerdy.FM[96696:1312321] DiskCookieStorage changing policy from 2 to 0, cookie file: file:///Users/cameronbates/Library/Developer/CoreSimulator/Devices/DA8D4003-A2FE-484F-99AE-13B5BF0EA8EE/data/Containers/Data/Application/2E4D734C-A8D2-4BA4-8743-6D29582E7AB8/Library/Cookies/Cookies.binarycookies
2015-03-19 19:23:28.570 Nerdy.FM[96696:1312321] Apache Cordova native platform version 3.8.0 is starting.
2015-03-19 19:23:28.571 Nerdy.FM[96696:1312321] Multi-tasking -> Device: YES, App: YES
2015-03-19 19:23:28.577 Nerdy.FM[96696:1312321] Unlimited access to network resources
2015-03-19 19:23:28.849 Nerdy.FM[96696:1312321] [CDVTimer][keyboard] 0.057995ms
2015-03-19 19:23:28.855 Nerdy.FM[96696:1312321] [CDVTimer][file] 5.738974ms
2015-03-19 19:23:28.934 Nerdy.FM[96696:1312321] [CDVTimer][statusbar] 78.561008ms
2015-03-19 19:23:28.934 Nerdy.FM[96696:1312321] [CDVTimer][TotalPluginStartup] 84.774017ms
2015-03-19 19:23:29.050 Nerdy.FM[96696:1312321] Resetting plugins due to page load.
2015-03-19 19:23:29.779 Nerdy.FM[96696:1312321] Finished load of: file:///Users/cameronbates/Library/Developer/CoreSimulator/Devices/DA8D4003-A2FE-484F-99AE-13B5BF0EA8EE/data/Containers/Bundle/Application/A7E1EA00-49C7-45A9-AEC2-099AACE8DCA6/Nerdy.FM.app/www/index.html
Mar 19 19:23:29 C2QM90JAFTPL rtcreporting[96696] <Info>: logging starts...
Mar 19 19:23:29 C2QM90JAFTPL rtcreporting[96696] <Debug>: setMessageLoggingBlock: called
Mar 19 19:31:21 C2QM90JAFTPL rtcreporting[96696] <Debug>: setMessageLoggingBlock: called
Mar 19 19:31:22 C2QM90JAFTPL rtcreporting[96696] <Debug>: setMessageLoggingBlock: called
2015-03-19 20:49:01.722 Nerdy.FM[96696:1312321] Simulator slow-motion animations are now on
2015-03-19 21:28:06.092 Nerdy.FM[98847:1373626] DiskCookieStorage changing policy from 2 to 0, cookie file: file:///Users/cameronbates/Library/Developer/CoreSimulator/Devices/DA8D4003-A2FE-484F-99AE-13B5BF0EA8EE/data/Containers/Data/Application/E94C1922-C3C8-4D60-A1B6-CE2200AB30BC/Library/Cookies/Cookies.binarycookies
2015-03-19 21:28:06.468 Nerdy.FM[98847:1373626] Apache Cordova native platform version 3.8.0 is starting.
2015-03-19 21:28:06.468 Nerdy.FM[98847:1373626] Multi-tasking -> Device: YES, App: YES
2015-03-19 21:28:06.491 Nerdy.FM[98847:1373626] Unlimited access to network resources
2015-03-19 21:28:06.855 Nerdy.FM[98847:1373626] [CDVTimer][keyboard] 0.059009ms
2015-03-19 21:28:06.863 Nerdy.FM[98847:1373626] [CDVTimer][file] 7.667005ms
2015-03-19 21:28:06.970 Nerdy.FM[98847:1373626] [CDVTimer][statusbar] 107.501030ms
2015-03-19 21:28:06.971 Nerdy.FM[98847:1373626] [CDVTimer][TotalPluginStartup] 116.003036ms
2015-03-19 21:28:07.125 Nerdy.FM[98847:1373626] Resetting plugins due to page load.
2015-03-19 21:28:07.814 Nerdy.FM[98847:1373626] Finished load of: file:///Users/cameronbates/Library/Developer/CoreSimulator/Devices/DA8D4003-A2FE-484F-99AE-13B5BF0EA8EE/data/Containers/Bundle/Application/EA874F4C-45AA-4993-8939-6714A9CF5EF3/Nerdy.FM.app/www/index.html
2015-03-19 21:28:10.501 Nerdy.FM[98847:1373626] Will use resource 'http://streams4.museter.com:8344/;stream.nsv' from the Internet.
2015-03-19 21:28:38.569 Nerdy.FM[98873:1374033] DiskCookieStorage changing policy from 2 to 0, cookie file: file:///Users/cameronbates/Library/Developer/CoreSimulator/Devices/DA8D4003-A2FE-484F-99AE-13B5BF0EA8EE/data/Containers/Data/Application/E94C1922-C3C8-4D60-A1B6-CE2200AB30BC/Library/Cookies/Cookies.binarycookies
2015-03-19 21:28:38.643 Nerdy.FM[98873:1374033] Apache Cordova native platform version 3.8.0 is starting.
2015-03-19 21:28:38.644 Nerdy.FM[98873:1374033] Multi-tasking -> Device: YES, App: YES
2015-03-19 21:28:38.645 Nerdy.FM[98873:1374033] Unlimited access to network resources
2015-03-19 21:28:38.712 Nerdy.FM[98873:1374033] [CDVTimer][keyboard] 0.046015ms
2015-03-19 21:28:38.717 Nerdy.FM[98873:1374033] [CDVTimer][file] 5.654991ms
2015-03-19 21:28:38.753 Nerdy.FM[98873:1374033] [CDVTimer][statusbar] 35.077989ms
2015-03-19 21:28:38.753 Nerdy.FM[98873:1374033] [CDVTimer][TotalPluginStartup] 41.252017ms
2015-03-19 21:28:38.849 Nerdy.FM[98873:1374033] Resetting plugins due to page load.
2015-03-19 21:28:39.087 Nerdy.FM[98873:1374033] Finished load of: file:///Users/cameronbates/Library/Developer/CoreSimulator/Devices/DA8D4003-A2FE-484F-99AE-13B5BF0EA8EE/data/Containers/Bundle/Application/EA874F4C-45AA-4993-8939-6714A9CF5EF3/Nerdy.FM.app/www/index.html
2015-03-19 21:28:51.196 Nerdy.FM[98873:1374033] Will use resource 'http://streams4.museter.com:8344/;stream.nsv' from the Internet.
2015-03-19 21:30:10.758 Nerdy.FM[99029:1375313] DiskCookieStorage changing policy from 2 to 0, cookie file: file:///Users/cameronbates/Library/Developer/CoreSimulator/Devices/DA8D4003-A2FE-484F-99AE-13B5BF0EA8EE/data/Containers/Data/Application/D4EBCEF4-AC55-4C75-AF0C-1ABDE89C9F9D/Library/Cookies/Cookies.binarycookies
2015-03-19 21:30:11.097 Nerdy.FM[99029:1375313] Apache Cordova native platform version 3.8.0 is starting.
2015-03-19 21:30:11.097 Nerdy.FM[99029:1375313] Multi-tasking -> Device: YES, App: YES
2015-03-19 21:30:11.121 Nerdy.FM[99029:1375313] Unlimited access to network resources
2015-03-19 21:30:11.529 Nerdy.FM[99029:1375313] [CDVTimer][keyboard] 0.064969ms
2015-03-19 21:30:11.540 Nerdy.FM[99029:1375313] [CDVTimer][file] 11.363983ms
2015-03-19 21:30:11.677 Nerdy.FM[99029:1375313] [CDVTimer][statusbar] 136.256993ms
2015-03-19 21:30:11.677 Nerdy.FM[99029:1375313] [CDVTimer][TotalPluginStartup] 148.567975ms
2015-03-19 21:30:11.814 Nerdy.FM[99029:1375313] Resetting plugins due to page load.
2015-03-19 21:30:12.232 Nerdy.FM[99029:1375313] Finished load of: file:///Users/cameronbates/Library/Developer/CoreSimulator/Devices/DA8D4003-A2FE-484F-99AE-13B5BF0EA8EE/data/Containers/Bundle/Application/FC044377-4374-4BCD-AC48-8E2A85E5028E/Nerdy.FM.app/www/index.html
2015-03-19 21:30:14.328 Nerdy.FM[99029:1375313] Will use resource 'http://streams4.museter.com:8344/;stream.nsv' from the Internet.
2015-03-19 21:37:41.056 Nerdy.FM[99521:1382532] DiskCookieStorage changing policy from 2 to 0, cookie file: file:///Users/cameronbates/Library/Developer/CoreSimulator/Devices/DA8D4003-A2FE-484F-99AE-13B5BF0EA8EE/data/Containers/Data/Application/E474D4CB-EA46-4C0A-8FC6-9117A71940A1/Library/Cookies/Cookies.binarycookies
2015-03-19 21:37:41.488 Nerdy.FM[99521:1382532] Apache Cordova native platform version 3.8.0 is starting.
2015-03-19 21:37:41.490 Nerdy.FM[99521:1382532] Multi-tasking -> Device: YES, App: YES
2015-03-19 21:37:41.509 Nerdy.FM[99521:1382532] Unlimited access to network resources
2015-03-19 21:37:41.914 Nerdy.FM[99521:1382532] [CDVTimer][keyboard] 0.392020ms
2015-03-19 21:37:41.923 Nerdy.FM[99521:1382532] [CDVTimer][file] 8.643985ms
2015-03-19 21:37:42.076 Nerdy.FM[99521:1382532] [CDVTimer][statusbar] 153.683007ms
2015-03-19 21:37:42.077 Nerdy.FM[99521:1382532] [CDVTimer][TotalPluginStartup] 163.191020ms
2015-03-19 21:37:42.300 Nerdy.FM[99521:1382532] Resetting plugins due to page load.
2015-03-19 21:37:42.824 Nerdy.FM[99521:1382532] Finished load of: file:///Users/cameronbates/Library/Developer/CoreSimulator/Devices/DA8D4003-A2FE-484F-99AE-13B5BF0EA8EE/data/Containers/Bundle/Application/B692316E-CC5B-4F38-B60A-8BDC69F0E408/Nerdy.FM.app/www/index.html
2015-03-19 21:37:45.589 Nerdy.FM[99521:1382532] Will use resource 'http://streams4.museter.com:8344/;stream.nsv' from the Internet.
2015-03-20 16:13:17.783 Nerdy.FM[16557:1604367] DiskCookieStorage changing policy from 2 to 0, cookie file: file:///Users/cameronbates/Library/Developer/CoreSimulator/Devices/DA8D4003-A2FE-484F-99AE-13B5BF0EA8EE/data/Containers/Data/Application/7597DCF9-35BB-45BB-A604-9BE6FCA124AC/Library/Cookies/Cookies.binarycookies
2015-03-20 16:13:18.059 Nerdy.FM[16557:1604367] Apache Cordova native platform version 3.8.0 is starting.
2015-03-20 16:13:18.060 Nerdy.FM[16557:1604367] Multi-tasking -> Device: YES, App: YES
2015-03-20 16:13:18.073 Nerdy.FM[16557:1604367] Unlimited access to network resources
2015-03-20 16:13:18.394 Nerdy.FM[16557:1604367] [CDVTimer][keyboard] 0.069976ms
2015-03-20 16:13:18.405 Nerdy.FM[16557:1604367] [CDVTimer][file] 10.306001ms
2015-03-20 16:13:18.530 Nerdy.FM[16557:1604367] [CDVTimer][statusbar] 124.920011ms
2015-03-20 16:13:18.530 Nerdy.FM[16557:1604367] [CDVTimer][TotalPluginStartup] 135.793984ms
2015-03-20 16:13:18.688 Nerdy.FM[16557:1604367] Resetting plugins due to page load.
2015-03-20 16:13:19.140 Nerdy.FM[16557:1604367] Finished load of: file:///Users/cameronbates/Library/Developer/CoreSimulator/Devices/DA8D4003-A2FE-484F-99AE-13B5BF0EA8EE/data/Containers/Bundle/Application/2C7C93F4-277D-4E4B-A72C-AD0C78F10502/Nerdy.FM.app/www/index.html
2015-03-20 16:16:15.514 Nerdy.FM[16557:1607084] Communications error: <OS_xpc_error: <error: 0x2dc05f4> { count = 1, contents =
	"XPCErrorDescription" => <string: 0x2dc083c> { length = 22, contents = "Connection interrupted" }
}>
2015-03-20 16:17:02.834 Nerdy.FM[16916:1608392] DiskCookieStorage changing policy from 2 to 0, cookie file: file:///Users/cameronbates/Library/Developer/CoreSimulator/Devices/DA8D4003-A2FE-484F-99AE-13B5BF0EA8EE/data/Containers/Data/Application/1292626E-9EC4-420A-86C6-3899AF503C6F/Library/Cookies/Cookies.binarycookies
2015-03-20 16:17:03.113 Nerdy.FM[16916:1608392] Apache Cordova native platform version 3.8.0 is starting.
2015-03-20 16:17:03.113 Nerdy.FM[16916:1608392] Multi-tasking -> Device: YES, App: YES
2015-03-20 16:17:03.129 Nerdy.FM[16916:1608392] Unlimited access to network resources
2015-03-20 16:17:03.449 Nerdy.FM[16916:1608392] [CDVTimer][keyboard] 0.082970ms
2015-03-20 16:17:03.456 Nerdy.FM[16916:1608392] [CDVTimer][file] 6.920993ms
2015-03-20 16:17:03.578 Nerdy.FM[16916:1608392] [CDVTimer][statusbar] 122.189999ms
2015-03-20 16:17:03.578 Nerdy.FM[16916:1608392] [CDVTimer][TotalPluginStartup] 130.182981ms
2015-03-20 16:17:03.708 Nerdy.FM[16916:1608392] Resetting plugins due to page load.
2015-03-20 16:17:04.149 Nerdy.FM[16916:1608392] Finished load of: file:///Users/cameronbates/Library/Developer/CoreSimulator/Devices/DA8D4003-A2FE-484F-99AE-13B5BF0EA8EE/data/Containers/Bundle/Application/2E05E1FF-56EF-467F-83D3-33DC27DFE64D/Nerdy.FM.app/www/index.html
2015-03-20 16:19:08.795 Nerdy.FM[17069:1610620] DiskCookieStorage changing policy from 2 to 0, cookie file: file:///Users/cameronbates/Library/Developer/CoreSimulator/Devices/DA8D4003-A2FE-484F-99AE-13B5BF0EA8EE/data/Containers/Data/Application/6CB12D9F-8E6E-4CCF-BC9C-4AFCD38F111B/Library/Cookies/Cookies.binarycookies
2015-03-20 16:19:08.871 Nerdy.FM[17069:1610620] Apache Cordova native platform version 3.8.0 is starting.
2015-03-20 16:19:08.872 Nerdy.FM[17069:1610620] Multi-tasking -> Device: YES, App: YES
2015-03-20 16:19:08.873 Nerdy.FM[17069:1610620] Unlimited access to network resources
2015-03-20 16:19:08.944 Nerdy.FM[17069:1610620] [CDVTimer][keyboard] 0.054002ms
2015-03-20 16:19:08.950 Nerdy.FM[17069:1610620] [CDVTimer][file] 5.360961ms
2015-03-20 16:19:08.988 Nerdy.FM[17069:1610620] [CDVTimer][statusbar] 37.930965ms
2015-03-20 16:19:08.988 Nerdy.FM[17069:1610620] [CDVTimer][TotalPluginStartup] 43.799996ms
2015-03-20 16:19:09.084 Nerdy.FM[17069:1610620] Resetting plugins due to page load.
2015-03-20 16:19:09.364 Nerdy.FM[17069:1610620] Finished load of: file:///Users/cameronbates/Library/Developer/CoreSimulator/Devices/DA8D4003-A2FE-484F-99AE-13B5BF0EA8EE/data/Containers/Bundle/Application/5E28A26B-C123-4A8C-BA1C-BC69B9E2F629/Nerdy.FM.app/www/index.html
2015-03-20 16:19:31.650 Nerdy.FM[17263:1611543] DiskCookieStorage changing policy from 2 to 0, cookie file: file:///Users/cameronbates/Library/Developer/CoreSimulator/Devices/DA8D4003-A2FE-484F-99AE-13B5BF0EA8EE/data/Containers/Data/Application/0B4583F1-E9FB-4266-BCC0-107A8D7EFF29/Library/Cookies/Cookies.binarycookies
2015-03-20 16:19:31.713 Nerdy.FM[17263:1611543] Apache Cordova native platform version 3.8.0 is starting.
2015-03-20 16:19:31.713 Nerdy.FM[17263:1611543] Multi-tasking -> Device: YES, App: YES
2015-03-20 16:19:31.715 Nerdy.FM[17263:1611543] Unlimited access to network resources
2015-03-20 16:19:31.789 Nerdy.FM[17263:1611543] [CDVTimer][keyboard] 0.054002ms
2015-03-20 16:19:31.793 Nerdy.FM[17263:1611543] [CDVTimer][file] 3.436983ms
2015-03-20 16:19:31.820 Nerdy.FM[17263:1611543] [CDVTimer][statusbar] 26.856005ms
2015-03-20 16:19:31.820 Nerdy.FM[17263:1611543] [CDVTimer][TotalPluginStartup] 30.792058ms
2015-03-20 16:19:31.900 Nerdy.FM[17263:1611543] Resetting plugins due to page load.
2015-03-20 16:19:32.248 Nerdy.FM[17263:1611543] Finished load of: file:///Users/cameronbates/Library/Developer/CoreSimulator/Devices/DA8D4003-A2FE-484F-99AE-13B5BF0EA8EE/data/Containers/Bundle/Application/64E70D9D-A867-44FA-B16E-5FA1A5508345/Nerdy.FM.app/www/index.html
2015-03-20 18:06:22.914 Nerdy.FM[17263:1614420] Communications error: <OS_xpc_error: <error: 0x2d5c5f4> { count = 1, contents =
	"XPCErrorDescription" => <string: 0x2d5c83c> { length = 22, contents = "Connection interrupted" }
}>
2015-03-21 01:49:10.813 Nerdy.FM[17263:1650108] Communications error: <OS_xpc_error: <error: 0x2d5c5f4> { count = 1, contents =
	"XPCErrorDescription" => <string: 0x2d5c83c> { length = 22, contents = "Connection interrupted" }
}>
2015-03-22 15:03:17.676 Nerdy.FM[19513:1654646] DiskCookieStorage changing policy from 2 to 0, cookie file: file:///Users/cameronbates/Library/Developer/CoreSimulator/Devices/DA8D4003-A2FE-484F-99AE-13B5BF0EA8EE/data/Containers/Data/Application/7185E4D4-622A-428B-A2A2-4FEDA3DF5FDD/Library/Cookies/Cookies.binarycookies
2015-03-22 15:03:18.015 Nerdy.FM[19513:1654646] Apache Cordova native platform version 3.8.0 is starting.
2015-03-22 15:03:18.016 Nerdy.FM[19513:1654646] Multi-tasking -> Device: YES, App: YES
2015-03-22 15:03:18.029 Nerdy.FM[19513:1654646] Unlimited access to network resources
2015-03-22 15:03:18.399 Nerdy.FM[19513:1654646] [CDVTimer][keyboard] 0.069976ms
2015-03-22 15:03:18.408 Nerdy.FM[19513:1654646] [CDVTimer][file] 8.449018ms
2015-03-22 15:03:18.524 Nerdy.FM[19513:1654646] [CDVTimer][statusbar] 116.436958ms
2015-03-22 15:03:18.524 Nerdy.FM[19513:1654646] [CDVTimer][TotalPluginStartup] 125.758946ms
2015-03-22 15:03:18.671 Nerdy.FM[19513:1654646] Resetting plugins due to page load.
2015-03-22 15:03:19.139 Nerdy.FM[19513:1654646] Finished load of: file:///Users/cameronbates/Library/Developer/CoreSimulator/Devices/DA8D4003-A2FE-484F-99AE-13B5BF0EA8EE/data/Containers/Bundle/Application/A9766D03-ABA3-46E9-8142-41C4494BCD1C/Nerdy.FM.app/www/index.html
2015-03-22 15:04:54.587 Nerdy.FM[19513:1656042] Terminating since there is no system app.
2015-03-22 15:08:08.181 Nerdy.FM[19771:1658961] DiskCookieStorage changing policy from 2 to 0, cookie file: file:///Users/cameronbates/Library/Developer/CoreSimulator/Devices/DA8D4003-A2FE-484F-99AE-13B5BF0EA8EE/data/Containers/Data/Application/E60C635E-D863-464C-8F2F-C2A95B6280D0/Library/Cookies/Cookies.binarycookies
2015-03-22 15:08:08.483 Nerdy.FM[19771:1658961] Apache Cordova native platform version 3.8.0 is starting.
2015-03-22 15:08:08.483 Nerdy.FM[19771:1658961] Multi-tasking -> Device: YES, App: YES
2015-03-22 15:08:08.497 Nerdy.FM[19771:1658961] Unlimited access to network resources
2015-03-22 15:08:08.918 Nerdy.FM[19771:1658961] [CDVTimer][keyboard] 0.105023ms
2015-03-22 15:08:08.929 Nerdy.FM[19771:1658961] [CDVTimer][file] 10.570049ms
2015-03-22 15:08:09.070 Nerdy.FM[19771:1658961] [CDVTimer][statusbar] 140.395999ms
2015-03-22 15:08:09.070 Nerdy.FM[19771:1658961] [CDVTimer][TotalPluginStartup] 151.742995ms
2015-03-22 15:08:09.241 Nerdy.FM[19771:1658961] Resetting plugins due to page load.
2015-03-22 15:08:09.750 Nerdy.FM[19771:1658961] Finished load of: file:///Users/cameronbates/Library/Developer/CoreSimulator/Devices/DA8D4003-A2FE-484F-99AE-13B5BF0EA8EE/data/Containers/Bundle/Application/6CDA94F4-E48E-42CC-AE0B-A35909A24314/Nerdy.FM.app/www/index.html
Mar 22 15:08:11 C2QM90JAFTPL rtcreporting[19771] <Info>: logging starts...
Mar 22 15:08:11 C2QM90JAFTPL rtcreporting[19771] <Debug>: setMessageLoggingBlock: called
Mar 22 15:08:37 C2QM90JAFTPL rtcreporting[19771] <Debug>: setMessageLoggingBlock: called
2015-03-22 15:14:13.970 Nerdy.FM[19771:1658961] THREAD WARNING: ['InAppBrowser'] took '275.218750' ms. Plugin should use a background thread.
2015-03-22 15:21:11.325 Nerdy.FM[20114:1665954] DiskCookieStorage changing policy from 2 to 0, cookie file: file:///Users/cameronbates/Library/Developer/CoreSimulator/Devices/DA8D4003-A2FE-484F-99AE-13B5BF0EA8EE/data/Containers/Data/Application/A30FDF99-B92F-4550-8DE0-B504065663A4/Library/Cookies/Cookies.binarycookies
2015-03-22 15:21:11.554 Nerdy.FM[20114:1665954] Apache Cordova native platform version 3.8.0 is starting.
2015-03-22 15:21:11.554 Nerdy.FM[20114:1665954] Multi-tasking -> Device: YES, App: YES
2015-03-22 15:21:11.568 Nerdy.FM[20114:1665954] Unlimited access to network resources
2015-03-22 15:21:11.838 Nerdy.FM[20114:1665954] [CDVTimer][keyboard] 0.061989ms
2015-03-22 15:21:11.845 Nerdy.FM[20114:1665954] [CDVTimer][file] 6.623983ms
2015-03-22 15:21:11.948 Nerdy.FM[20114:1665954] [CDVTimer][statusbar] 102.742016ms
2015-03-22 15:21:11.948 Nerdy.FM[20114:1665954] [CDVTimer][TotalPluginStartup] 110.361040ms
2015-03-22 15:21:12.124 Nerdy.FM[20114:1665954] Resetting plugins due to page load.
2015-03-22 15:21:12.637 Nerdy.FM[20114:1665954] Finished load of: file:///Users/cameronbates/Library/Developer/CoreSimulator/Devices/DA8D4003-A2FE-484F-99AE-13B5BF0EA8EE/data/Containers/Bundle/Application/3F019039-46A9-41A2-8304-0C29F6E6A550/Nerdy.FM.app/www/index.html
Mar 22 15:21:14 C2QM90JAFTPL rtcreporting[20114] <Info>: logging starts...
Mar 22 15:21:14 C2QM90JAFTPL rtcreporting[20114] <Debug>: setMessageLoggingBlock: called
Mar 22 15:21:49 C2QM90JAFTPL rtcreporting[20114] <Debug>: setMessageLoggingBlock: called
2015-03-22 15:50:45.097 Nerdy.FM[21406:1686496] DiskCookieStorage changing policy from 2 to 0, cookie file: file:///Users/cameronbates/Library/Developer/CoreSimulator/Devices/DA8D4003-A2FE-484F-99AE-13B5BF0EA8EE/data/Containers/Data/Application/C55E750A-58DB-48CC-A9DC-FA00ACB25C9E/Library/Cookies/Cookies.binarycookies
2015-03-22 15:50:45.411 Nerdy.FM[21406:1686496] Apache Cordova native platform version 3.8.0 is starting.
2015-03-22 15:50:45.412 Nerdy.FM[21406:1686496] Multi-tasking -> Device: YES, App: YES
2015-03-22 15:50:45.427 Nerdy.FM[21406:1686496] Unlimited access to network resources
2015-03-22 15:50:45.795 Nerdy.FM[21406:1686496] [CDVTimer][keyboard] 0.223994ms
2015-03-22 15:50:45.806 Nerdy.FM[21406:1686496] [CDVTimer][file] 10.798037ms
2015-03-22 15:50:45.933 Nerdy.FM[21406:1686496] [CDVTimer][statusbar] 127.350986ms
2015-03-22 15:50:45.934 Nerdy.FM[21406:1686496] [CDVTimer][TotalPluginStartup] 138.957977ms
2015-03-22 15:50:45.982 Nerdy.FM[21406:1686496] Resetting plugins due to page load.
2015-03-22 15:50:46.816 Nerdy.FM[21406:1686496] Finished load of: file:///Users/cameronbates/Library/Developer/CoreSimulator/Devices/DA8D4003-A2FE-484F-99AE-13B5BF0EA8EE/data/Containers/Bundle/Application/474426EC-AF4B-4889-8FC6-305C18693911/Nerdy.FM.app/www/index.html
Mar 22 15:50:55 C2QM90JAFTPL rtcreporting[21406] <Info>: logging starts...
Mar 22 15:50:55 C2QM90JAFTPL rtcreporting[21406] <Debug>: setMessageLoggingBlock: called
Mar 22 15:51:34 C2QM90JAFTPL rtcreporting[21406] <Debug>: setMessageLoggingBlock: called
Mar 22 15:55:53 C2QM90JAFTPL rtcreporting[21406] <Debug>: setMessageLoggingBlock: called
Mar 22 15:57:28 C2QM90JAFTPL rtcreporting[21406] <Debug>: setMessageLoggingBlock: called
2015-03-22 16:00:42.624 Nerdy.FM[21681:1692036] DiskCookieStorage changing policy from 2 to 0, cookie file: file:///Users/cameronbates/Library/Developer/CoreSimulator/Devices/DA8D4003-A2FE-484F-99AE-13B5BF0EA8EE/data/Containers/Data/Application/D27E0F89-D585-4EDC-A44E-F9E2452996A3/Library/Cookies/Cookies.binarycookies
2015-03-22 16:00:42.700 Nerdy.FM[21681:1692036] Apache Cordova native platform version 3.8.0 is starting.
2015-03-22 16:00:42.700 Nerdy.FM[21681:1692036] Multi-tasking -> Device: YES, App: YES
2015-03-22 16:00:42.702 Nerdy.FM[21681:1692036] Unlimited access to network resources
2015-03-22 16:00:42.773 Nerdy.FM[21681:1692036] [CDVTimer][keyboard] 0.056982ms
2015-03-22 16:00:42.777 Nerdy.FM[21681:1692036] [CDVTimer][file] 4.308999ms
2015-03-22 16:00:42.810 Nerdy.FM[21681:1692036] [CDVTimer][statusbar] 32.362998ms
2015-03-22 16:00:42.810 Nerdy.FM[21681:1692036] [CDVTimer][TotalPluginStartup] 37.118018ms
2015-03-22 16:00:42.869 Nerdy.FM[21681:1692036] Resetting plugins due to page load.
2015-03-22 16:00:43.121 Nerdy.FM[21681:1692036] Finished load of: file:///Users/cameronbates/Library/Developer/CoreSimulator/Devices/DA8D4003-A2FE-484F-99AE-13B5BF0EA8EE/data/Containers/Bundle/Application/C66FDDD9-ABA0-4D88-9844-5D1E282AA084/Nerdy.FM.app/www/index.html
Mar 22 16:00:47 C2QM90JAFTPL rtcreporting[21681] <Info>: logging starts...
Mar 22 16:00:47 C2QM90JAFTPL rtcreporting[21681] <Debug>: setMessageLoggingBlock: called
Mar 22 16:11:14 C2QM90JAFTPL rtcreporting[21681] <Debug>: setMessageLoggingBlock: called
2015-03-22 16:12:57.218 Nerdy.FM[22005:1698967] DiskCookieStorage changing policy from 2 to 0, cookie file: file:///Users/cameronbates/Library/Developer/CoreSimulator/Devices/DA8D4003-A2FE-484F-99AE-13B5BF0EA8EE/data/Containers/Data/Application/BD02A736-A801-42C8-815B-22F997693E7D/Library/Cookies/Cookies.binarycookies
2015-03-22 16:12:57.434 Nerdy.FM[22005:1698967] Apache Cordova native platform version 3.8.0 is starting.
2015-03-22 16:12:57.436 Nerdy.FM[22005:1698967] Multi-tasking -> Device: YES, App: YES
2015-03-22 16:12:57.449 Nerdy.FM[22005:1698967] Unlimited access to network resources
2015-03-22 16:12:57.686 Nerdy.FM[22005:1698967] [CDVTimer][keyboard] 0.302970ms
2015-03-22 16:12:57.695 Nerdy.FM[22005:1698967] [CDVTimer][file] 8.849025ms
2015-03-22 16:12:57.774 Nerdy.FM[22005:1698967] [CDVTimer][statusbar] 79.062998ms
2015-03-22 16:12:57.775 Nerdy.FM[22005:1698967] [CDVTimer][TotalPluginStartup] 88.715017ms
2015-03-22 16:12:57.866 Nerdy.FM[22005:1698967] Resetting plugins due to page load.
2015-03-22 16:12:58.336 Nerdy.FM[22005:1698967] Finished load of: file:///Users/cameronbates/Library/Developer/CoreSimulator/Devices/DA8D4003-A2FE-484F-99AE-13B5BF0EA8EE/data/Containers/Bundle/Application/BCDC906E-93AC-4E91-88AF-493F6EB9C540/Nerdy.FM.app/www/index.html
Mar 22 16:13:01 C2QM90JAFTPL rtcreporting[22005] <Info>: logging starts...
Mar 22 16:13:01 C2QM90JAFTPL rtcreporting[22005] <Debug>: setMessageLoggingBlock: called
2015-03-22 16:20:47.828 Nerdy.FM[22294:1703734] DiskCookieStorage changing policy from 2 to 0, cookie file: file:///Users/cameronbates/Library/Developer/CoreSimulator/Devices/DA8D4003-A2FE-484F-99AE-13B5BF0EA8EE/data/Containers/Data/Application/DEA20F85-AD5B-4728-AEBB-890EADEF674E/Library/Cookies/Cookies.binarycookies
2015-03-22 16:20:48.154 Nerdy.FM[22294:1703734] Apache Cordova native platform version 3.8.0 is starting.
2015-03-22 16:20:48.154 Nerdy.FM[22294:1703734] Multi-tasking -> Device: YES, App: YES
2015-03-22 16:20:48.166 Nerdy.FM[22294:1703734] Unlimited access to network resources
2015-03-22 16:20:48.433 Nerdy.FM[22294:1703734] [CDVTimer][keyboard] 0.072002ms
2015-03-22 16:20:48.441 Nerdy.FM[22294:1703734] [CDVTimer][file] 7.284999ms
2015-03-22 16:20:48.533 Nerdy.FM[22294:1703734] [CDVTimer][statusbar] 91.592014ms
2015-03-22 16:20:48.533 Nerdy.FM[22294:1703734] [CDVTimer][TotalPluginStartup] 99.370956ms
2015-03-22 16:20:48.608 Nerdy.FM[22294:1703734] Resetting plugins due to page load.
2015-03-22 16:20:49.063 Nerdy.FM[22294:1703734] Finished load of: file:///Users/cameronbates/Library/Developer/CoreSimulator/Devices/DA8D4003-A2FE-484F-99AE-13B5BF0EA8EE/data/Containers/Bundle/Application/ED1A3981-7AE0-4090-9A55-B4914DDB7F4A/Nerdy.FM.app/www/index.html
2015-03-22 16:23:22.805 Nerdy.FM[22482:1705710] DiskCookieStorage changing policy from 2 to 0, cookie file: file:///Users/cameronbates/Library/Developer/CoreSimulator/Devices/DA8D4003-A2FE-484F-99AE-13B5BF0EA8EE/data/Containers/Data/Application/83398D04-D5F5-4A51-BF9F-7B790494A6B4/Library/Cookies/Cookies.binarycookies
2015-03-22 16:23:22.874 Nerdy.FM[22482:1705710] Apache Cordova native platform version 3.8.0 is starting.
2015-03-22 16:23:22.874 Nerdy.FM[22482:1705710] Multi-tasking -> Device: YES, App: YES
2015-03-22 16:23:22.876 Nerdy.FM[22482:1705710] Unlimited access to network resources
2015-03-22 16:23:22.945 Nerdy.FM[22482:1705710] [CDVTimer][keyboard] 0.052989ms
2015-03-22 16:23:22.950 Nerdy.FM[22482:1705710] [CDVTimer][file] 5.168974ms
2015-03-22 16:23:22.981 Nerdy.FM[22482:1705710] [CDVTimer][statusbar] 31.186998ms
2015-03-22 16:23:22.981 Nerdy.FM[22482:1705710] [CDVTimer][TotalPluginStartup] 36.828041ms
2015-03-22 16:23:23.041 Nerdy.FM[22482:1705710] Resetting plugins due to page load.
2015-03-22 16:23:23.350 Nerdy.FM[22482:1705710] Finished load of: file:///Users/cameronbates/Library/Developer/CoreSimulator/Devices/DA8D4003-A2FE-484F-99AE-13B5BF0EA8EE/data/Containers/Bundle/Application/3F37D4B7-FE5F-4FD0-A666-072B95B8D226/Nerdy.FM.app/www/index.html
2015-03-22 16:27:24.696 Nerdy.FM[22702:1708158] DiskCookieStorage changing policy from 2 to 0, cookie file: file:///Users/cameronbates/Library/Developer/CoreSimulator/Devices/DA8D4003-A2FE-484F-99AE-13B5BF0EA8EE/data/Containers/Data/Application/EC38F519-1372-424F-95FC-F46BC0B02861/Library/Cookies/Cookies.binarycookies
2015-03-22 16:27:24.756 Nerdy.FM[22702:1708158] Apache Cordova native platform version 3.8.0 is starting.
2015-03-22 16:27:24.757 Nerdy.FM[22702:1708158] Multi-tasking -> Device: YES, App: YES
2015-03-22 16:27:24.758 Nerdy.FM[22702:1708158] Unlimited access to network resources
2015-03-22 16:27:24.827 Nerdy.FM[22702:1708158] [CDVTimer][keyboard] 0.056982ms
2015-03-22 16:27:24.830 Nerdy.FM[22702:1708158] [CDVTimer][file] 2.956986ms
2015-03-22 16:27:24.853 Nerdy.FM[22702:1708158] [CDVTimer][statusbar] 22.887051ms
2015-03-22 16:27:24.853 Nerdy.FM[22702:1708158] [CDVTimer][TotalPluginStartup] 26.327014ms
2015-03-22 16:27:24.934 Nerdy.FM[22702:1708158] Resetting plugins due to page load.
2015-03-22 16:27:25.164 Nerdy.FM[22702:1708158] Finished load of: file:///Users/cameronbates/Library/Developer/CoreSimulator/Devices/DA8D4003-A2FE-484F-99AE-13B5BF0EA8EE/data/Containers/Bundle/Application/60455612-E5B8-4225-92D0-022AA9A9EF1A/Nerdy.FM.app/www/index.html
2015-03-22 16:30:27.899 Nerdy.FM[22949:1710453] DiskCookieStorage changing policy from 2 to 0, cookie file: file:///Users/cameronbates/Library/Developer/CoreSimulator/Devices/DA8D4003-A2FE-484F-99AE-13B5BF0EA8EE/data/Containers/Data/Application/F77F1998-8D15-4397-8C2B-731353E74A9D/Library/Cookies/Cookies.binarycookies
2015-03-22 16:30:27.978 Nerdy.FM[22949:1710453] Apache Cordova native platform version 3.8.0 is starting.
2015-03-22 16:30:27.979 Nerdy.FM[22949:1710453] Multi-tasking -> Device: YES, App: YES
2015-03-22 16:30:27.981 Nerdy.FM[22949:1710453] Unlimited access to network resources
2015-03-22 16:30:28.081 Nerdy.FM[22949:1710453] [CDVTimer][keyboard] 0.083983ms
2015-03-22 16:30:28.086 Nerdy.FM[22949:1710453] [CDVTimer][file] 5.221009ms
2015-03-22 16:30:28.126 Nerdy.FM[22949:1710453] [CDVTimer][statusbar] 39.633036ms
2015-03-22 16:30:28.127 Nerdy.FM[22949:1710453] [CDVTimer][TotalPluginStartup] 45.818031ms
2015-03-22 16:30:28.223 Nerdy.FM[22949:1710453] Resetting plugins due to page load.
2015-03-22 16:30:28.420 Nerdy.FM[22949:1710453] Finished load of: file:///Users/cameronbates/Library/Developer/CoreSimulator/Devices/DA8D4003-A2FE-484F-99AE-13B5BF0EA8EE/data/Containers/Bundle/Application/DE8C17EB-846A-48A9-B7D0-B9AC74D4221A/Nerdy.FM.app/www/index.html
2015-03-22 16:34:17.252 Nerdy.FM[23147:1712873] DiskCookieStorage changing policy from 2 to 0, cookie file: file:///Users/cameronbates/Library/Developer/CoreSimulator/Devices/DA8D4003-A2FE-484F-99AE-13B5BF0EA8EE/data/Containers/Data/Application/A433EFA7-A5CE-4C03-81B1-3302D857F9BF/Library/Cookies/Cookies.binarycookies
2015-03-22 16:34:17.345 Nerdy.FM[23147:1712873] Apache Cordova native platform version 3.8.0 is starting.
2015-03-22 16:34:17.346 Nerdy.FM[23147:1712873] Multi-tasking -> Device: YES, App: YES
2015-03-22 16:34:17.348 Nerdy.FM[23147:1712873] Unlimited access to network resources
2015-03-22 16:34:17.437 Nerdy.FM[23147:1712873] [CDVTimer][keyboard] 0.056982ms
2015-03-22 16:34:17.442 Nerdy.FM[23147:1712873] [CDVTimer][file] 5.095005ms
2015-03-22 16:34:17.474 Nerdy.FM[23147:1712873] [CDVTimer][statusbar] 31.736016ms
2015-03-22 16:34:17.474 Nerdy.FM[23147:1712873] [CDVTimer][TotalPluginStartup] 37.295997ms
2015-03-22 16:34:17.543 Nerdy.FM[23147:1712873] Resetting plugins due to page load.
2015-03-22 16:34:17.899 Nerdy.FM[23147:1712873] Finished load of: file:///Users/cameronbates/Library/Developer/CoreSimulator/Devices/DA8D4003-A2FE-484F-99AE-13B5BF0EA8EE/data/Containers/Bundle/Application/3F4B66C7-32EA-4141-8D5F-33E7A6BF18E3/Nerdy.FM.app/www/index.html
2015-03-22 16:36:51.709 Nerdy.FM[23454:1715042] DiskCookieStorage changing policy from 2 to 0, cookie file: file:///Users/cameronbates/Library/Developer/CoreSimulator/Devices/DA8D4003-A2FE-484F-99AE-13B5BF0EA8EE/data/Containers/Data/Application/4A3022E4-1ED7-46A7-A653-212430CB1132/Library/Cookies/Cookies.binarycookies
2015-03-22 16:36:51.986 Nerdy.FM[23454:1715042] Apache Cordova native platform version 3.8.0 is starting.
2015-03-22 16:36:51.987 Nerdy.FM[23454:1715042] Multi-tasking -> Device: YES, App: YES
2015-03-22 16:36:52.000 Nerdy.FM[23454:1715042] Unlimited access to network resources
2015-03-22 16:36:52.359 Nerdy.FM[23454:1715042] [CDVTimer][keyboard] 0.081956ms
2015-03-22 16:36:52.372 Nerdy.FM[23454:1715042] [CDVTimer][file] 12.351990ms
2015-03-22 16:36:52.509 Nerdy.FM[23454:1715042] [CDVTimer][statusbar] 136.743963ms
2015-03-22 16:36:52.509 Nerdy.FM[23454:1715042] [CDVTimer][TotalPluginStartup] 149.725974ms
2015-03-22 16:36:52.593 Nerdy.FM[23454:1715042] Resetting plugins due to page load.
2015-03-22 16:36:53.035 Nerdy.FM[23454:1715042] Finished load of: file:///Users/cameronbates/Library/Developer/CoreSimulator/Devices/DA8D4003-A2FE-484F-99AE-13B5BF0EA8EE/data/Containers/Bundle/Application/382E6C6F-1885-451D-8D3F-065F20966B03/Nerdy.FM.app/www/index.html
2015-03-22 19:11:34.002 Nerdy.FM[25195:1736625] DiskCookieStorage changing policy from 2 to 0, cookie file: file:///Users/cameronbates/Library/Developer/CoreSimulator/Devices/DA8D4003-A2FE-484F-99AE-13B5BF0EA8EE/data/Containers/Data/Application/4297C6DC-6524-457A-8565-E0439C386397/Library/Cookies/Cookies.binarycookies
2015-03-22 19:11:34.306 Nerdy.FM[25195:1736625] Apache Cordova native platform version 3.8.0 is starting.
2015-03-22 19:11:34.306 Nerdy.FM[25195:1736625] Multi-tasking -> Device: YES, App: YES
2015-03-22 19:11:34.321 Nerdy.FM[25195:1736625] Unlimited access to network resources
2015-03-22 19:11:34.698 Nerdy.FM[25195:1736625] [CDVTimer][keyboard] 0.072002ms
2015-03-22 19:11:34.705 Nerdy.FM[25195:1736625] [CDVTimer][file] 7.140994ms
2015-03-22 19:11:34.854 Nerdy.FM[25195:1736625] [CDVTimer][statusbar] 149.327040ms
2015-03-22 19:11:34.855 Nerdy.FM[25195:1736625] [CDVTimer][TotalPluginStartup] 157.119989ms
2015-03-22 19:11:34.957 Nerdy.FM[25195:1736625] Resetting plugins due to page load.
2015-03-22 19:11:35.463 Nerdy.FM[25195:1736625] Finished load of: file:///Users/cameronbates/Library/Developer/CoreSimulator/Devices/DA8D4003-A2FE-484F-99AE-13B5BF0EA8EE/data/Containers/Bundle/Application/AD67F0DA-A035-468B-9383-1CC43B683837/Nerdy.FM.app/www/index.html
2015-03-22 19:11:42.415 Nerdy.FM[25195:1736821] Terminating since there is no system app.
2015-03-22 21:39:40.103 Nerdy.FM[28285:1800661] DiskCookieStorage changing policy from 2 to 0, cookie file: file:///Users/cameronbates/Library/Developer/CoreSimulator/Devices/DA8D4003-A2FE-484F-99AE-13B5BF0EA8EE/data/Containers/Data/Application/70D56E6D-4B5C-47D7-BD79-463D224BA12B/Library/Cookies/Cookies.binarycookies
2015-03-22 21:39:40.423 Nerdy.FM[28285:1800661] Apache Cordova native platform version 3.8.0 is starting.
2015-03-22 21:39:40.423 Nerdy.FM[28285:1800661] Multi-tasking -> Device: YES, App: YES
2015-03-22 21:39:40.440 Nerdy.FM[28285:1800661] Unlimited access to network resources
2015-03-22 21:39:40.833 Nerdy.FM[28285:1800661] [CDVTimer][keyboard] 0.075042ms
2015-03-22 21:39:40.847 Nerdy.FM[28285:1800661] [CDVTimer][file] 13.445973ms
2015-03-22 21:39:40.993 Nerdy.FM[28285:1800661] [CDVTimer][statusbar] 146.167040ms
2015-03-22 21:39:40.993 Nerdy.FM[28285:1800661] [CDVTimer][TotalPluginStartup] 160.158992ms
2015-03-22 21:39:41.086 Nerdy.FM[28285:1800661] Resetting plugins due to page load.
2015-03-22 21:39:41.595 Nerdy.FM[28285:1800661] Finished load of: file:///Users/cameronbates/Library/Developer/CoreSimulator/Devices/DA8D4003-A2FE-484F-99AE-13B5BF0EA8EE/data/Containers/Bundle/Application/377E0156-4B0E-4028-88AA-56328C783F71/Nerdy.FM.app/www/index.html
Mar 22 21:39:58 C2QM90JAFTPL rtcreporting[28285] <Info>: logging starts...
Mar 22 21:39:58 C2QM90JAFTPL rtcreporting[28285] <Debug>: setMessageLoggingBlock: called
2015-03-23 08:43:58.448 Nerdy.FM[31809:1878240] DiskCookieStorage changing policy from 2 to 0, cookie file: file:///Users/cameronbates/Library/Developer/CoreSimulator/Devices/DA8D4003-A2FE-484F-99AE-13B5BF0EA8EE/data/Containers/Data/Application/8C14E283-1D1B-47A4-9CB0-C2482A248B29/Library/Cookies/Cookies.binarycookies
2015-03-23 08:43:58.732 Nerdy.FM[31809:1878240] Apache Cordova native platform version 3.8.0 is starting.
2015-03-23 08:43:58.733 Nerdy.FM[31809:1878240] Multi-tasking -> Device: YES, App: YES
2015-03-23 08:43:58.748 Nerdy.FM[31809:1878240] Unlimited access to network resources
2015-03-23 08:43:59.100 Nerdy.FM[31809:1878240] [CDVTimer][keyboard] 0.072002ms
2015-03-23 08:43:59.109 Nerdy.FM[31809:1878240] [CDVTimer][file] 8.278012ms
2015-03-23 08:43:59.208 Nerdy.FM[31809:1878240] [CDVTimer][statusbar] 98.972023ms
2015-03-23 08:43:59.208 Nerdy.FM[31809:1878240] [CDVTimer][TotalPluginStartup] 107.764006ms
2015-03-23 08:43:59.296 Nerdy.FM[31809:1878240] Resetting plugins due to page load.
2015-03-23 08:43:59.752 Nerdy.FM[31809:1878240] Finished load of: file:///Users/cameronbates/Library/Developer/CoreSimulator/Devices/DA8D4003-A2FE-484F-99AE-13B5BF0EA8EE/data/Containers/Bundle/Application/AD399DE0-86AB-4D8F-B59E-7E79B80B26BC/Nerdy.FM.app/www/index.html
2015-03-23 08:53:36.525 Nerdy.FM[32037:1884195] DiskCookieStorage changing policy from 2 to 0, cookie file: file:///Users/cameronbates/Library/Developer/CoreSimulator/Devices/DA8D4003-A2FE-484F-99AE-13B5BF0EA8EE/data/Containers/Data/Application/09DA23B9-F48A-437C-B3FD-9718A7B46F2F/Library/Cookies/Cookies.binarycookies
2015-03-23 08:53:36.793 Nerdy.FM[32037:1884195] Apache Cordova native platform version 3.8.0 is starting.
2015-03-23 08:53:36.794 Nerdy.FM[32037:1884195] Multi-tasking -> Device: YES, App: YES
2015-03-23 08:53:36.806 Nerdy.FM[32037:1884195] Unlimited access to network resources
2015-03-23 08:53:37.092 Nerdy.FM[32037:1884195] [CDVTimer][keyboard] 0.088990ms
2015-03-23 08:53:37.099 Nerdy.FM[32037:1884195] [CDVTimer][file] 7.064998ms
2015-03-23 08:53:37.201 Nerdy.FM[32037:1884195] [CDVTimer][statusbar] 101.742029ms
2015-03-23 08:53:37.201 Nerdy.FM[32037:1884195] [CDVTimer][TotalPluginStartup] 109.704971ms
2015-03-23 08:53:37.281 Nerdy.FM[32037:1884195] Resetting plugins due to page load.
2015-03-23 08:53:37.736 Nerdy.FM[32037:1884195] Finished load of: file:///Users/cameronbates/Library/Developer/CoreSimulator/Devices/DA8D4003-A2FE-484F-99AE-13B5BF0EA8EE/data/Containers/Bundle/Application/B2F4F69B-069E-4CE2-8A27-CDAB9BE5F976/Nerdy.FM.app/www/index.html
Mar 23 08:53:48 C2QM90JAFTPL.local rtcreporting[32037] <Info>: logging starts...
Mar 23 08:53:48 C2QM90JAFTPL.local rtcreporting[32037] <Debug>: setMessageLoggingBlock: called
2015-03-23 12:18:45.663 Nerdy.FM[40868:1968207] DiskCookieStorage changing policy from 2 to 0, cookie file: file:///Users/cameronbates/Library/Developer/CoreSimulator/Devices/DA8D4003-A2FE-484F-99AE-13B5BF0EA8EE/data/Containers/Data/Application/CDD85653-75A7-444C-A06F-CA9FF5E38A4D/Library/Cookies/Cookies.binarycookies
2015-03-23 12:18:45.980 Nerdy.FM[40868:1968207] Apache Cordova native platform version 3.8.0 is starting.
2015-03-23 12:18:45.980 Nerdy.FM[40868:1968207] Multi-tasking -> Device: YES, App: YES
2015-03-23 12:18:46.001 Nerdy.FM[40868:1968207] Unlimited access to network resources
2015-03-23 12:18:46.365 Nerdy.FM[40868:1968207] [CDVTimer][keyboard] 0.494003ms
2015-03-23 12:18:46.378 Nerdy.FM[40868:1968207] [CDVTimer][file] 11.916995ms
2015-03-23 12:18:46.511 Nerdy.FM[40868:1968207] [CDVTimer][statusbar] 133.805990ms
2015-03-23 12:18:46.523 Nerdy.FM[40868:1968207] [CDVTimer][backgroundaudio] 11.247993ms
2015-03-23 12:18:46.523 Nerdy.FM[40868:1968207] [CDVTimer][backgroundaudio] 0.007987ms
2015-03-23 12:18:46.523 Nerdy.FM[40868:1968207] [CDVTimer][TotalPluginStartup] 158.169985ms
2015-03-23 12:18:46.617 Nerdy.FM[40868:1968207] Resetting plugins due to page load.
2015-03-23 12:18:47.127 Nerdy.FM[40868:1968207] Finished load of: file:///Users/cameronbates/Library/Developer/CoreSimulator/Devices/DA8D4003-A2FE-484F-99AE-13B5BF0EA8EE/data/Containers/Bundle/Application/7C101D6C-DEB3-4C01-AFE8-B22DF19D4BBA/Nerdy.FM.app/www/index.html
2015-03-23 12:19:55.400 Nerdy.FM[41098:1970603] DiskCookieStorage changing policy from 2 to 0, cookie file: file:///Users/cameronbates/Library/Developer/CoreSimulator/Devices/DA8D4003-A2FE-484F-99AE-13B5BF0EA8EE/data/Containers/Data/Application/7DB21117-F0D3-430A-959E-9FEB67CBD5C0/Library/Cookies/Cookies.binarycookies
2015-03-23 12:19:55.706 Nerdy.FM[41098:1970603] Apache Cordova native platform version 3.8.0 is starting.
2015-03-23 12:19:55.706 Nerdy.FM[41098:1970603] Multi-tasking -> Device: YES, App: YES
2015-03-23 12:19:55.718 Nerdy.FM[41098:1970603] Unlimited access to network resources
2015-03-23 12:19:56.107 Nerdy.FM[41098:1970603] [CDVTimer][keyboard] 0.100970ms
2015-03-23 12:19:56.119 Nerdy.FM[41098:1970603] [CDVTimer][file] 12.274027ms
2015-03-23 12:19:56.243 Nerdy.FM[41098:1970603] [CDVTimer][statusbar] 123.330951ms
2015-03-23 12:19:56.259 Nerdy.FM[41098:1970603] [CDVTimer][backgroundaudio] 16.003013ms
2015-03-23 12:19:56.259 Nerdy.FM[41098:1970603] [CDVTimer][backgroundaudio] 0.007987ms
2015-03-23 12:19:56.259 Nerdy.FM[41098:1970603] [CDVTimer][TotalPluginStartup] 153.750002ms
2015-03-23 12:19:56.323 Nerdy.FM[41098:1970603] Resetting plugins due to page load.
2015-03-23 12:19:56.935 Nerdy.FM[41098:1970603] Finished load of: file:///Users/cameronbates/Library/Developer/CoreSimulator/Devices/DA8D4003-A2FE-484F-99AE-13B5BF0EA8EE/data/Containers/Bundle/Application/E50ED871-F8B1-4EDD-B0C4-13727AD585AF/Nerdy.FM.app/www/index.html
2015-03-23 12:20:04.012 Nerdy.FM[41098:1970603] {"available":true,"platform":"iOS","version":"8.2","uuid":"8B74ADE0-E9C7-4650-8936-F4E5A63F0886","cordova":"3.8.0","model":"x86_64","manufacturer":"Apple"}
Mar 23 12:20:05 C2QM90JAFTPL.local rtcreporting[41098] <Info>: logging starts...
Mar 23 12:20:05 C2QM90JAFTPL.local rtcreporting[41098] <Debug>: setMessageLoggingBlock: called
2015-03-23 12:22:08.188 Nerdy.FM[41297:1973256] DiskCookieStorage changing policy from 2 to 0, cookie file: file:///Users/cameronbates/Library/Developer/CoreSimulator/Devices/DA8D4003-A2FE-484F-99AE-13B5BF0EA8EE/data/Containers/Data/Application/FB121F55-6464-4A50-8578-BCFFB11E6D3B/Library/Cookies/Cookies.binarycookies
2015-03-23 12:22:08.258 Nerdy.FM[41297:1973256] Apache Cordova native platform version 3.8.0 is starting.
2015-03-23 12:22:08.258 Nerdy.FM[41297:1973256] Multi-tasking -> Device: YES, App: YES
2015-03-23 12:22:08.260 Nerdy.FM[41297:1973256] Unlimited access to network resources
2015-03-23 12:22:08.338 Nerdy.FM[41297:1973256] [CDVTimer][keyboard] 0.063956ms
2015-03-23 12:22:08.343 Nerdy.FM[41297:1973256] [CDVTimer][file] 5.264997ms
2015-03-23 12:22:08.380 Nerdy.FM[41297:1973256] [CDVTimer][statusbar] 36.090016ms
2015-03-23 12:22:08.380 Nerdy.FM[41297:1973256] [CDVTimer][backgroundaudio] 0.445008ms
2015-03-23 12:22:08.380 Nerdy.FM[41297:1973256] [CDVTimer][backgroundaudio] 0.007987ms
2015-03-23 12:22:08.381 Nerdy.FM[41297:1973256] [CDVTimer][TotalPluginStartup] 42.649984ms
2015-03-23 12:22:08.447 Nerdy.FM[41297:1973256] Resetting plugins due to page load.
2015-03-23 12:22:08.841 Nerdy.FM[41297:1973256] Finished load of: file:///Users/cameronbates/Library/Developer/CoreSimulator/Devices/DA8D4003-A2FE-484F-99AE-13B5BF0EA8EE/data/Containers/Bundle/Application/0690D4D0-953D-45B2-84C8-18EB2F43CBE2/Nerdy.FM.app/www/index.html
2015-03-23 12:22:24.074 Nerdy.FM[41297:1973256] x86_64
Mar 23 12:22:24 C2QM90JAFTPL.local rtcreporting[41297] <Info>: logging starts...
Mar 23 12:22:24 C2QM90JAFTPL.local rtcreporting[41297] <Debug>: setMessageLoggingBlock: called
2015-03-23 12:34:50.307 Nerdy.FM[42014:1981917] DiskCookieStorage changing policy from 2 to 0, cookie file: file:///Users/cameronbates/Library/Developer/CoreSimulator/Devices/DA8D4003-A2FE-484F-99AE-13B5BF0EA8EE/data/Containers/Data/Application/FF5B07F7-342D-40B3-9563-80AA26F0E571/Library/Cookies/Cookies.binarycookies
2015-03-23 12:34:50.539 Nerdy.FM[42014:1981917] Apache Cordova native platform version 3.8.0 is starting.
2015-03-23 12:34:50.540 Nerdy.FM[42014:1981917] Multi-tasking -> Device: YES, App: YES
2015-03-23 12:34:50.552 Nerdy.FM[42014:1981917] Unlimited access to network resources
2015-03-23 12:34:50.765 Nerdy.FM[42014:1981917] [CDVTimer][keyboard] 0.307977ms
2015-03-23 12:34:50.772 Nerdy.FM[42014:1981917] [CDVTimer][file] 6.708026ms
2015-03-23 12:34:50.849 Nerdy.FM[42014:1981917] [CDVTimer][statusbar] 76.556981ms
2015-03-23 12:34:50.860 Nerdy.FM[42014:1981917] [CDVTimer][backgroundaudio] 11.187017ms
2015-03-23 12:34:50.860 Nerdy.FM[42014:1981917] [CDVTimer][backgroundaudio] 0.012040ms
2015-03-23 12:34:50.860 Nerdy.FM[42014:1981917] [CDVTimer][TotalPluginStartup] 95.984995ms
2015-03-23 12:34:50.951 Nerdy.FM[42014:1981917] Resetting plugins due to page load.
2015-03-23 12:34:51.502 Nerdy.FM[42014:1981917] Finished load of: file:///Users/cameronbates/Library/Developer/CoreSimulator/Devices/DA8D4003-A2FE-484F-99AE-13B5BF0EA8EE/data/Containers/Bundle/Application/BB65A97A-5C0E-4067-A842-16536D7206CB/Nerdy.FM.app/www/index.html
2015-03-23 12:36:04.060 Nerdy.FM[42177:1983010] DiskCookieStorage changing policy from 2 to 0, cookie file: file:///Users/cameronbates/Library/Developer/CoreSimulator/Devices/DA8D4003-A2FE-484F-99AE-13B5BF0EA8EE/data/Containers/Data/Application/3E5F4597-4792-4536-9307-AFBD98EB3246/Library/Cookies/Cookies.binarycookies
2015-03-23 12:36:04.117 Nerdy.FM[42177:1983010] Apache Cordova native platform version 3.8.0 is starting.
2015-03-23 12:36:04.117 Nerdy.FM[42177:1983010] Multi-tasking -> Device: YES, App: YES
2015-03-23 12:36:04.119 Nerdy.FM[42177:1983010] Unlimited access to network resources
2015-03-23 12:36:04.190 Nerdy.FM[42177:1983010] [CDVTimer][keyboard] 0.060022ms
2015-03-23 12:36:04.193 Nerdy.FM[42177:1983010] [CDVTimer][file] 2.866983ms
2015-03-23 12:36:04.214 Nerdy.FM[42177:1983010] [CDVTimer][statusbar] 20.792007ms
2015-03-23 12:36:04.214 Nerdy.FM[42177:1983010] [CDVTimer][backgroundaudio] 0.371039ms
2015-03-23 12:36:04.215 Nerdy.FM[42177:1983010] [CDVTimer][backgroundaudio] 0.005960ms
2015-03-23 12:36:04.215 Nerdy.FM[42177:1983010] [CDVTimer][TotalPluginStartup] 24.740994ms
2015-03-23 12:36:04.270 Nerdy.FM[42177:1983010] Resetting plugins due to page load.
2015-03-23 12:36:04.597 Nerdy.FM[42177:1983010] Finished load of: file:///Users/cameronbates/Library/Developer/CoreSimulator/Devices/DA8D4003-A2FE-484F-99AE-13B5BF0EA8EE/data/Containers/Bundle/Application/BFD1639C-7AB7-4803-BB66-69D44A9CA901/Nerdy.FM.app/www/index.html
2015-03-23 12:36:24.185 Nerdy.FM[42177:1983010] x86_64
Mar 23 12:36:24 C2QM90JAFTPL.local rtcreporting[42177] <Info>: logging starts...
Mar 23 12:36:24 C2QM90JAFTPL.local rtcreporting[42177] <Debug>: setMessageLoggingBlock: called
2015-03-23 12:36:26.975 Nerdy.FM[42177:1983010] x86_64
2015-03-23 12:47:48.588 Nerdy.FM[43538:1993850] DiskCookieStorage changing policy from 2 to 0, cookie file: file:///Users/cameronbates/Library/Developer/CoreSimulator/Devices/DA8D4003-A2FE-484F-99AE-13B5BF0EA8EE/data/Containers/Data/Application/F79DFA78-588B-4291-A03E-8DEAECEADD33/Library/Cookies/Cookies.binarycookies
2015-03-23 12:47:48.907 Nerdy.FM[43538:1993850] Apache Cordova native platform version 3.8.0 is starting.
2015-03-23 12:47:48.907 Nerdy.FM[43538:1993850] Multi-tasking -> Device: YES, App: YES
2015-03-23 12:47:48.928 Nerdy.FM[43538:1993850] Unlimited access to network resources
2015-03-23 12:47:49.297 Nerdy.FM[43538:1993850] [CDVTimer][keyboard] 0.167012ms
2015-03-23 12:47:49.307 Nerdy.FM[43538:1993850] [CDVTimer][file] 10.231018ms
2015-03-23 12:47:49.450 Nerdy.FM[43538:1993850] [CDVTimer][statusbar] 143.001020ms
2015-03-23 12:47:49.465 Nerdy.FM[43538:1993850] [CDVTimer][backgroundaudio] 14.584005ms
2015-03-23 12:47:49.465 Nerdy.FM[43538:1993850] [CDVTimer][backgroundaudio] 0.007987ms
2015-03-23 12:47:49.465 Nerdy.FM[43538:1993850] [CDVTimer][TotalPluginStartup] 168.691993ms
2015-03-23 12:47:49.555 Nerdy.FM[43538:1993850] Resetting plugins due to page load.
2015-03-23 12:47:50.208 Nerdy.FM[43538:1993850] Finished load of: file:///Users/cameronbates/Library/Developer/CoreSimulator/Devices/DA8D4003-A2FE-484F-99AE-13B5BF0EA8EE/data/Containers/Bundle/Application/FC59A8B8-457D-4E5E-B9FD-E88880E801B6/Nerdy.FM.app/www/index.html
2015-03-23 12:47:53.314 Nerdy.FM[43538:1993850] x86_64
Mar 23 12:47:54 C2QM90JAFTPL.local rtcreporting[43538] <Info>: logging starts...
Mar 23 12:47:54 C2QM90JAFTPL.local rtcreporting[43538] <Debug>: setMessageLoggingBlock: called
2015-03-23 12:47:54.918 Nerdy.FM[43538:1993850] x86_64
Mar 23 12:47:56 C2QM90JAFTPL.local rtcreporting[43538] <Debug>: initWithSessionInfo: XPC connection interrupted
2015-03-23 13:46:52.015 Nerdy.FM[46712:2019035] DiskCookieStorage changing policy from 2 to 0, cookie file: file:///Users/cameronbates/Library/Developer/CoreSimulator/Devices/DA8D4003-A2FE-484F-99AE-13B5BF0EA8EE/data/Containers/Data/Application/2A0F212B-360F-4288-AB87-B7FD729EBA6C/Library/Cookies/Cookies.binarycookies
2015-03-23 13:46:52.306 Nerdy.FM[46712:2019035] Apache Cordova native platform version 3.8.0 is starting.
2015-03-23 13:46:52.306 Nerdy.FM[46712:2019035] Multi-tasking -> Device: YES, App: YES
2015-03-23 13:46:52.320 Nerdy.FM[46712:2019035] Unlimited access to network resources
2015-03-23 13:46:52.680 Nerdy.FM[46712:2019035] [CDVTimer][keyboard] 0.135005ms
2015-03-23 13:46:52.689 Nerdy.FM[46712:2019035] [CDVTimer][file] 9.521008ms
2015-03-23 13:46:52.831 Nerdy.FM[46712:2019035] [CDVTimer][statusbar] 141.786039ms
2015-03-23 13:46:52.843 Nerdy.FM[46712:2019035] [CDVTimer][backgroundaudio] 11.268020ms
2015-03-23 13:46:52.843 Nerdy.FM[46712:2019035] [CDVTimer][backgroundaudio] 0.007033ms
2015-03-23 13:46:52.843 Nerdy.FM[46712:2019035] [CDVTimer][TotalPluginStartup] 163.480997ms
2015-03-23 13:46:52.922 Nerdy.FM[46712:2019035] Resetting plugins due to page load.
2015-03-23 13:46:53.407 Nerdy.FM[46712:2019035] Finished load of: file:///Users/cameronbates/Library/Developer/CoreSimulator/Devices/DA8D4003-A2FE-484F-99AE-13B5BF0EA8EE/data/Containers/Bundle/Application/ACDF8FCC-79EB-4633-BD30-13A4E834B187/Nerdy.FM.app/www/index.html
Mar 23 13:46:56 C2QM90JAFTPL.local rtcreporting[46712] <Info>: logging starts...
Mar 23 13:46:56 C2QM90JAFTPL.local rtcreporting[46712] <Debug>: setMessageLoggingBlock: called
Mar 23 13:48:32 C2QM90JAFTPL.local rtcreporting[46712] <Debug>: initWithSessionInfo: XPC connection interrupted
2015-03-23 13:48:32.919 Nerdy.FM[46712:2020310] Terminating since there is no system app.
